{
  "racekeyBaCode": 6,
  "racekeyNen": 0,
  "racekeyKai": 1,
  "racekeyNichi": 1,
  "racekeyR": 1,
  "harontaimu": [
    123,
    108,
    115,
    123,
    136,
    0,
    0,
    0,
    0,
    0,
    0,
    0,
    0,
    0,
    0,
    0,
    0,
    0
  ],
  "cornerIchitoriOneCorner": "",
  "cornerIchitoriTwoCorner": "",
  "cornerIchitoriThreeCorner": "(2,*8)-(1,5,7)(3,6)4",
  "cornerIchitoriFourCorner": "(*2,8)=7(1,5,6)4-3",
  "paceupIchi": 0,
  "torakkubaiasuOneKaku": "",
  "torakkubaiasuTwoKaku": "",
  "torakkubaiasuKouSei": "",
  "torakkubaiasuThreeKaku": "",
  "torakkubaiasuFourKaku": "",
  "torakkubaiasuChokusen": "",
  "racecomment": ""
}{
  "racekeyBaCode": 6,
  "racekeyNen": 0,
  "racekeyKai": 1,
  "racekeyNichi": 1,
  "racekeyR": 2,
  "harontaimu": [
    131,
    127,
    133,
    134,
    129,
    128,
    124,
    124,
    130,
    0,
    0,
    0,
    0,
    0,
    0,
    0,
    0,
    0
  ],
  "cornerIchitoriOneCorner": "6(5,9)10(1,2,8)-7-(3,4)",
  "cornerIchitoriTwoCorner": "6(5,9)10(1,8)2-7-(3,4)",
  "cornerIchitoriThreeCorner": "6,9(5,10)(1,8,7)2-4-3",
  "cornerIchitoriFourCorner": "6-5,9(10,7)1-8-2-4,3",
  "paceupIchi": 5,
  "torakkubaiasuOneKaku": "",
  "torakkubaiasuTwoKaku": "",
  "torakkubaiasuKouSei": "",
  "torakkubaiasuThreeKaku": "",
  "torakkubaiasuFourKaku": "",
  "torakkubaiasuChokusen": "",
  "racecomment": ""
}{
  "racekeyBaCode": 6,
  "racekeyNen": 0,
  "racekeyKai": 1,
  "racekeyNichi": 1,
  "racekeyR": 3,
  "harontaimu": [
    121,
    107,
    114,
    122,
    125,
    136,
    0,
    0,
    0,
    0,
    0,
    0,
    0,
    0,
    0,
    0,
    0,
    0
  ],
  "cornerIchitoriOneCorner": "",
  "cornerIchitoriTwoCorner": "",
  "cornerIchitoriThreeCorner": "(*4,11)-(5,6)(7,12)(2,10)3,9=1-8",
  "cornerIchitoriFourCorner": "(*4,11)-(5,6)-(2,7,12)10-(3,9)=1-8",
  "paceupIchi": 0,
  "torakkubaiasuOneKaku": "",
  "torakkubaiasuTwoKaku": "",
  "torakkubaiasuKouSei": "",
  "torakkubaiasuThreeKaku": "",
  "torakkubaiasuFourKaku": "",
  "torakkubaiasuChokusen": "",
  "racecomment": ""
}{
  "racekeyBaCode": 6,
  "racekeyNen": 0,
  "racekeyKai": 1,
  "racekeyNichi": 1,
  "racekeyR": 4,
  "harontaimu": [
    131,
    120,
    127,
    126,
    131,
    132,
    132,
    134,
    143,
    0,
    0,
    0,
    0,
    0,
    0,
    0,
    0,
    0
  ],
  "cornerIchitoriOneCorner": "(3,*12)-4,5(2,11)8(1,6)-7(10,9)",
  "cornerIchitoriTwoCorner": "(3,*12)=4,5(2,11)(1,8,6)-(7,10)-9",
  "cornerIchitoriThreeCorner": "(*4,6)(12,5)11(2,3)-10,1-8-7=9",
  "cornerIchitoriFourCorner": "(*4,6)-(12,11)2(5,3)-10,1-8=7-9",
  "paceupIchi": 0,
  "torakkubaiasuOneKaku": "",
  "torakkubaiasuTwoKaku": "",
  "torakkubaiasuKouSei": "",
  "torakkubaiasuThreeKaku": "",
  "torakkubaiasuFourKaku": "",
  "torakkubaiasuChokusen": "",
  "racecomment": ""
}{
  "racekeyBaCode": 6,
  "racekeyNen": 0,
  "racekeyKai": 1,
  "racekeyNichi": 1,
  "racekeyR": 5,
  "harontaimu": [
    122,
    108,
    117,
    125,
    128,
    136,
    0,
    0,
    0,
    0,
    0,
    0,
    0,
    0,
    0,
    0,
    0,
    0
  ],
  "cornerIchitoriOneCorner": "",
  "cornerIchitoriTwoCorner": "",
  "cornerIchitoriThreeCorner": "(*9,3)4(1,8)-(5,6,11)-12,10-13,2-7",
  "cornerIchitoriFourCorner": "9-3,4(1,8)-5(10,6)(11,13)12-2=7",
  "paceupIchi": 0,
  "torakkubaiasuOneKaku": "",
  "torakkubaiasuTwoKaku": "",
  "torakkubaiasuKouSei": "",
  "torakkubaiasuThreeKaku": "",
  "torakkubaiasuFourKaku": "",
  "torakkubaiasuChokusen": "",
  "racecomment": ""
}{
  "racekeyBaCode": 6,
  "racekeyNen": 0,
  "racekeyKai": 1,
  "racekeyNichi": 1,
  "racekeyR": 6,
  "harontaimu": [
    127,
    118,
    120,
    125,
    124,
    124,
    123,
    120,
    0,
    0,
    0,
    0,
    0,
    0,
    0,
    0,
    0,
    0
  ],
  "cornerIchitoriOneCorner": "",
  "cornerIchitoriTwoCorner": "2(9,14)(5,6,10,11,15,16)13,7-(3,4)(1,8)-12",
  "cornerIchitoriThreeCorner": "(*15,16)(2,9,14,11,7)(6,10)-13(5,1)(3,4)-(12,8)",
  "cornerIchitoriFourCorner": "(*15,11,7)(2,14,10)(16,6)(9,13)-1(5,4)-3-8,12",
  "paceupIchi": 0,
  "torakkubaiasuOneKaku": "",
  "torakkubaiasuTwoKaku": "",
  "torakkubaiasuKouSei": "",
  "torakkubaiasuThreeKaku": "",
  "torakkubaiasuFourKaku": "",
  "torakkubaiasuChokusen": "",
  "racecomment": ""
}{
  "racekeyBaCode": 6,
  "racekeyNen": 0,
  "racekeyKai": 1,
  "racekeyNichi": 1,
  "racekeyR": 7,
  "harontaimu": [
    122,
    107,
    113,
    123,
    124,
    136,
    0,
    0,
    0,
    0,
    0,
    0,
    0,
    0,
    0,
    0,
    0,
    0
  ],
  "cornerIchitoriOneCorner": "",
  "cornerIchitoriTwoCorner": "",
  "cornerIchitoriThreeCorner": "(7,*10)(6,15)(2,4,12,14)8(11,13,16)(5,9)-3-1",
  "cornerIchitoriFourCorner": "10(7,15)(2,4,12,14)(6,8)11(5,13)(9,16)3-1",
  "paceupIchi": 0,
  "torakkubaiasuOneKaku": "",
  "torakkubaiasuTwoKaku": "",
  "torakkubaiasuKouSei": "",
  "torakkubaiasuThreeKaku": "",
  "torakkubaiasuFourKaku": "",
  "torakkubaiasuChokusen": "",
  "racecomment": ""
}{
  "racekeyBaCode": 6,
  "racekeyNen": 0,
  "racekeyKai": 1,
  "racekeyNichi": 1,
  "racekeyR": 8,
  "harontaimu": [
    127,
    116,
    130,
    136,
    123,
    123,
    128,
    132,
    140,
    0,
    0,
    0,
    0,
    0,
    0,
    0,
    0,
    0
  ],
  "cornerIchitoriOneCorner": "14-12(1,5,2)(13,10)9(7,8)-(4,6,15)-3-11-16",
  "cornerIchitoriTwoCorner": "14(12,2)(1,5,13,10)(9,8)7(4,6,15)-3-11-16",
  "cornerIchitoriThreeCorner": "8,2(10,9)14(12,5)(1,4,15)7(3,6,13)11,16",
  "cornerIchitoriFourCorner": "8,9-2(4,10)5(14,1,15,11)(6,7)(3,16)(12,13)",
  "paceupIchi": 5,
  "torakkubaiasuOneKaku": "",
  "torakkubaiasuTwoKaku": "",
  "torakkubaiasuKouSei": "",
  "torakkubaiasuThreeKaku": "",
  "torakkubaiasuFourKaku": "",
  "torakkubaiasuChokusen": "",
  "racecomment": ""
}{
  "racekeyBaCode": 6,
  "racekeyNen": 0,
  "racekeyKai": 1,
  "racekeyNichi": 1,
  "racekeyR": 9,
  "harontaimu": [
    121,
    110,
    115,
    121,
    125,
    132,
    0,
    0,
    0,
    0,
    0,
    0,
    0,
    0,
    0,
    0,
    0,
    0
  ],
  "cornerIchitoriOneCorner": "",
  "cornerIchitoriTwoCorner": "",
  "cornerIchitoriThreeCorner": "11(7,8,10)(3,5)-6(1,2,9)4",
  "cornerIchitoriFourCorner": "11,7(3,8,10)5-(1,2)6(4,9)",
  "paceupIchi": 0,
  "torakkubaiasuOneKaku": "",
  "torakkubaiasuTwoKaku": "",
  "torakkubaiasuKouSei": "",
  "torakkubaiasuThreeKaku": "",
  "torakkubaiasuFourKaku": "",
  "torakkubaiasuChokusen": "",
  "racecomment": ""
}{
  "racekeyBaCode": 6,
  "racekeyNen": 0,
  "racekeyKai": 1,
  "racekeyNichi": 1,
  "racekeyR": 10,
  "harontaimu": [
    131,
    119,
    124,
    123,
    132,
    138,
    137,
    127,
    123,
    127,
    128,
    136,
    0,
    0,
    0,
    0,
    0,
    0
  ],
  "cornerIchitoriOneCorner": "1(3,10)-5(4,9)(6,8)(2,7)",
  "cornerIchitoriTwoCorner": "1,10,3-5(4,9)-(6,8)(2,7)",
  "cornerIchitoriThreeCorner": "1(10,5)6,9,4(3,2)(8,7)",
  "cornerIchitoriFourCorner": "1(6,10,5)9,4(8,2)-7-3",
  "paceupIchi": 5,
  "torakkubaiasuOneKaku": "",
  "torakkubaiasuTwoKaku": "",
  "torakkubaiasuKouSei": "",
  "torakkubaiasuThreeKaku": "",
  "torakkubaiasuFourKaku": "",
  "torakkubaiasuChokusen": "",
  "racecomment": ""
}{
  "racekeyBaCode": 6,
  "racekeyNen": 0,
  "racekeyKai": 1,
  "racekeyNichi": 1,
  "racekeyR": 11,
  "harontaimu": [
    127,
    115,
    124,
    125,
    120,
    121,
    122,
    117,
    122,
    121,
    0,
    0,
    0,
    0,
    0,
    0,
    0,
    0
  ],
  "cornerIchitoriOneCorner": "7-(3,11)13,4(2,8)(1,5,10,12)(9,6)",
  "cornerIchitoriTwoCorner": "7-(3,11)13(4,2,8)12(1,5,10)(9,6)",
  "cornerIchitoriThreeCorner": "7(3,11,13)(2,8)(4,1,10)(5,9,12)6",
  "cornerIchitoriFourCorner": "(3,*7)13(4,11,1,2)(5,9,8)(12,10,6)",
  "paceupIchi": 6,
  "torakkubaiasuOneKaku": "",
  "torakkubaiasuTwoKaku": "",
  "torakkubaiasuKouSei": "",
  "torakkubaiasuThreeKaku": "",
  "torakkubaiasuFourKaku": "",
  "torakkubaiasuChokusen": "",
  "racecomment": ""
}{
  "racekeyBaCode": 6,
  "racekeyNen": 0,
  "racekeyKai": 1,
  "racekeyNichi": 1,
  "racekeyR": 12,
  "harontaimu": [
    121,
    105,
    111,
    122,
    127,
    130,
    0,
    0,
    0,
    0,
    0,
    0,
    0,
    0,
    0,
    0,
    0,
    0
  ],
  "cornerIchitoriOneCorner": "",
  "cornerIchitoriTwoCorner": "",
  "cornerIchitoriThreeCorner": "(*6,8)(3,11,12,16)9,7(4,13,15,14)-10,2,5,1",
  "cornerIchitoriFourCorner": "(*6,8)(3,12)16(11,9)(7,4,13,15)10(2,5,14)1",
  "paceupIchi": 0,
  "torakkubaiasuOneKaku": "",
  "torakkubaiasuTwoKaku": "",
  "torakkubaiasuKouSei": "",
  "torakkubaiasuThreeKaku": "",
  "torakkubaiasuFourKaku": "",
  "torakkubaiasuChokusen": "",
  "racecomment": ""
}{
  "racekeyBaCode": 8,
  "racekeyNen": 0,
  "racekeyKai": 1,
  "racekeyNichi": 1,
  "racekeyR": 1,
  "harontaimu": [
    126,
    115,
    131,
    131,
    132,
    131,
    134,
    129,
    121,
    0,
    0,
    0,
    0,
    0,
    0,
    0,
    0,
    0
  ],
  "cornerIchitoriOneCorner": "12(8,9,10)(4,6)7,1(2,5)-11-3",
  "cornerIchitoriTwoCorner": "(8,*12)(9,10)(4,6)(1,7)(2,5)-11-3",
  "cornerIchitoriThreeCorner": "(8,*12,6)(4,9,10,7)1(5,11)2-3",
  "cornerIchitoriFourCorner": "6(8,12,9,7)4(1,10)11,5(2,3)",
  "paceupIchi": 2,
  "torakkubaiasuOneKaku": "",
  "torakkubaiasuTwoKaku": "",
  "torakkubaiasuKouSei": "",
  "torakkubaiasuThreeKaku": "",
  "torakkubaiasuFourKaku": "",
  "torakkubaiasuChokusen": "",
  "racecomment": ""
}{
  "racekeyBaCode": 8,
  "racekeyNen": 0,
  "racekeyKai": 1,
  "racekeyNichi": 1,
  "racekeyR": 2,
  "harontaimu": [
    124,
    114,
    117,
    122,
    127,
    130,
    0,
    0,
    0,
    0,
    0,
    0,
    0,
    0,
    0,
    0,
    0,
    0
  ],
  "cornerIchitoriOneCorner": "",
  "cornerIchitoriTwoCorner": "",
  "cornerIchitoriThreeCorner": "(*14,15)-11,3,9,1,16(10,13)-(5,7)12-(6,8)(2,4)",
  "cornerIchitoriFourCorner": "(*14,15)11(9,3)-(1,10)16,13(5,7)-(6,12,8)4-2",
  "paceupIchi": 0,
  "torakkubaiasuOneKaku": "",
  "torakkubaiasuTwoKaku": "",
  "torakkubaiasuKouSei": "",
  "torakkubaiasuThreeKaku": "",
  "torakkubaiasuFourKaku": "",
  "torakkubaiasuChokusen": "",
  "racecomment": ""
}{
  "racekeyBaCode": 8,
  "racekeyNen": 0,
  "racekeyKai": 1,
  "racekeyNichi": 1,
  "racekeyR": 3,
  "harontaimu": [
    126,
    123,
    137,
    136,
    133,
    127,
    125,
    130,
    129,
    0,
    0,
    0,
    0,
    0,
    0,
    0,
    0,
    0
  ],
  "cornerIchitoriOneCorner": "8,5(4,9,7,11)(1,6)-3,10=2",
  "cornerIchitoriTwoCorner": "8,5(4,9,7,11)1(3,6)10=2",
  "cornerIchitoriThreeCorner": "(*8,5,1,11)(4,6)-3,9(2,7)10",
  "cornerIchitoriFourCorner": "8,5(4,1,11)6-3,2-9,7-10",
  "paceupIchi": 4,
  "torakkubaiasuOneKaku": "",
  "torakkubaiasuTwoKaku": "",
  "torakkubaiasuKouSei": "",
  "torakkubaiasuThreeKaku": "",
  "torakkubaiasuFourKaku": "",
  "torakkubaiasuChokusen": "",
  "racecomment": ""
}{
  "racekeyBaCode": 8,
  "racekeyNen": 0,
  "racekeyKai": 1,
  "racekeyNichi": 1,
  "racekeyR": 4,
  "harontaimu": [
    127,
    117,
    125,
    129,
    131,
    124,
    125,
    0,
    0,
    0,
    0,
    0,
    0,
    0,
    0,
    0,
    0,
    0
  ],
  "cornerIchitoriOneCorner": "",
  "cornerIchitoriTwoCorner": "",
  "cornerIchitoriThreeCorner": "(*13,9)(8,12)7,6,3(1,4)-10-11-5-2",
  "cornerIchitoriFourCorner": "13(9,12)7(8,6)(3,4)-1,10,11-5-2",
  "paceupIchi": 0,
  "torakkubaiasuOneKaku": "",
  "torakkubaiasuTwoKaku": "",
  "torakkubaiasuKouSei": "",
  "torakkubaiasuThreeKaku": "",
  "torakkubaiasuFourKaku": "",
  "torakkubaiasuChokusen": "",
  "racecomment": ""
}{
  "racekeyBaCode": 8,
  "racekeyNen": 0,
  "racekeyKai": 1,
  "racekeyNichi": 1,
  "racekeyR": 5,
  "harontaimu": [
    129,
    114,
    120,
    129,
    133,
    122,
    111,
    123,
    118,
    0,
    0,
    0,
    0,
    0,
    0,
    0,
    0,
    0
  ],
  "cornerIchitoriOneCorner": "",
  "cornerIchitoriTwoCorner": "",
  "cornerIchitoriThreeCorner": "(8,*10,1)(9,13)15(5,7)(3,14,4)2-6,12-11",
  "cornerIchitoriFourCorner": "(*10,1)(8,9,15,13)5,7-14(3,4)2(6,12)=11",
  "paceupIchi": 4,
  "torakkubaiasuOneKaku": "",
  "torakkubaiasuTwoKaku": "",
  "torakkubaiasuKouSei": "",
  "torakkubaiasuThreeKaku": "",
  "torakkubaiasuFourKaku": "",
  "torakkubaiasuChokusen": "",
  "racecomment": ""
}{
  "racekeyBaCode": 8,
  "racekeyNen": 0,
  "racekeyKai": 1,
  "racekeyNichi": 1,
  "racekeyR": 6,
  "harontaimu": [
    123,
    111,
    130,
    138,
    132,
    130,
    127,
    131,
    130,
    0,
    0,
    0,
    0,
    0,
    0,
    0,
    0,
    0
  ],
  "cornerIchitoriOneCorner": "(*6,10)-(7,9)8-1(3,5)2,4",
  "cornerIchitoriTwoCorner": "6,10-(7,9)8-1(2,3,5)4",
  "cornerIchitoriThreeCorner": "6(10,8)(7,9,5)(1,3)2,4",
  "cornerIchitoriFourCorner": "6,10,8-(7,9,5)3(2,1,4)",
  "paceupIchi": 5,
  "torakkubaiasuOneKaku": "",
  "torakkubaiasuTwoKaku": "",
  "torakkubaiasuKouSei": "",
  "torakkubaiasuThreeKaku": "",
  "torakkubaiasuFourKaku": "",
  "torakkubaiasuChokusen": "",
  "racecomment": ""
}{
  "racekeyBaCode": 8,
  "racekeyNen": 0,
  "racekeyKai": 1,
  "racekeyNichi": 1,
  "racekeyR": 7,
  "harontaimu": [
    125,
    111,
    117,
    121,
    127,
    124,
    0,
    0,
    0,
    0,
    0,
    0,
    0,
    0,
    0,
    0,
    0,
    0
  ],
  "cornerIchitoriOneCorner": "",
  "cornerIchitoriTwoCorner": "",
  "cornerIchitoriThreeCorner": "(*5,10)7,4-13,9-3-(14,15)(2,8,12)(1,6)-16-11",
  "cornerIchitoriFourCorner": "(*5,10)4(7,13)9,3-(15,12)2,14(1,6)8-16-11",
  "paceupIchi": 0,
  "torakkubaiasuOneKaku": "",
  "torakkubaiasuTwoKaku": "",
  "torakkubaiasuKouSei": "",
  "torakkubaiasuThreeKaku": "",
  "torakkubaiasuFourKaku": "",
  "torakkubaiasuChokusen": "",
  "racecomment": ""
}{
  "racekeyBaCode": 8,
  "racekeyNen": 0,
  "racekeyKai": 1,
  "racekeyNichi": 1,
  "racekeyR": 8,
  "harontaimu": [
    123,
    111,
    133,
    132,
    136,
    129,
    123,
    125,
    126,
    0,
    0,
    0,
    0,
    0,
    0,
    0,
    0,
    0
  ],
  "cornerIchitoriOneCorner": "(*1,2)10,9,14-8,5(7,11)(6,15)(4,12)-(3,13,16)",
  "cornerIchitoriTwoCorner": "(*1,2)(9,10)14-(5,8)(7,11)(6,15)(4,12)(3,13)16",
  "cornerIchitoriThreeCorner": "(*1,2)14(9,10)(5,8)6(7,11,15)(4,3,12,16)13",
  "cornerIchitoriFourCorner": "1(2,14)-9(6,5)8(7,15)11,12(10,16)3(4,13)",
  "paceupIchi": 4,
  "torakkubaiasuOneKaku": "",
  "torakkubaiasuTwoKaku": "",
  "torakkubaiasuKouSei": "",
  "torakkubaiasuThreeKaku": "",
  "torakkubaiasuFourKaku": "",
  "torakkubaiasuChokusen": "",
  "racecomment": ""
}{
  "racekeyBaCode": 8,
  "racekeyNen": 0,
  "racekeyKai": 1,
  "racekeyNichi": 1,
  "racekeyR": 9,
  "harontaimu": [
    129,
    112,
    112,
    128,
    122,
    124,
    126,
    127,
    124,
    119,
    119,
    124,
    0,
    0,
    0,
    0,
    0,
    0
  ],
  "cornerIchitoriOneCorner": "9-4(5,6)(1,11)3,7-2(10,15)(8,12)(13,16)-14",
  "cornerIchitoriTwoCorner": "9=4(5,6)(1,3,11)7,2,10(8,13,15,12)16,14",
  "cornerIchitoriThreeCorner": "9-4(1,5,6,3)(2,11,12)(10,13,7)(16,15)8-14",
  "cornerIchitoriFourCorner": "(*9,4)(1,3)(13,12)(5,6)(10,16,2)15,7(8,14,11)",
  "paceupIchi": 3,
  "torakkubaiasuOneKaku": "",
  "torakkubaiasuTwoKaku": "",
  "torakkubaiasuKouSei": "",
  "torakkubaiasuThreeKaku": "",
  "torakkubaiasuFourKaku": "",
  "torakkubaiasuChokusen": "",
  "racecomment": ""
}{
  "racekeyBaCode": 8,
  "racekeyNen": 0,
  "racekeyKai": 1,
  "racekeyNichi": 1,
  "racekeyR": 10,
  "harontaimu": [
    126,
    109,
    114,
    116,
    119,
    125,
    0,
    0,
    0,
    0,
    0,
    0,
    0,
    0,
    0,
    0,
    0,
    0
  ],
  "cornerIchitoriOneCorner": "",
  "cornerIchitoriTwoCorner": "",
  "cornerIchitoriThreeCorner": "(*1,4,13)(14,16)(3,5,15)(11,12)(6,9)(2,7)-8-10",
  "cornerIchitoriFourCorner": "(1,*13)4(14,16)(3,5,15)(6,11,12)(7,9)2,8-10",
  "paceupIchi": 0,
  "torakkubaiasuOneKaku": "",
  "torakkubaiasuTwoKaku": "",
  "torakkubaiasuKouSei": "",
  "torakkubaiasuThreeKaku": "",
  "torakkubaiasuFourKaku": "",
  "torakkubaiasuChokusen": "",
  "racecomment": ""
}{
  "racekeyBaCode": 8,
  "racekeyNen": 0,
  "racekeyKai": 1,
  "racekeyNichi": 1,
  "racekeyR": 11,
  "harontaimu": [
    123,
    109,
    118,
    117,
    115,
    117,
    119,
    116,
    0,
    0,
    0,
    0,
    0,
    0,
    0,
    0,
    0,
    0
  ],
  "cornerIchitoriOneCorner": "",
  "cornerIchitoriTwoCorner": "",
  "cornerIchitoriThreeCorner": "13-6=(1,8)5,9(2,4)12,14,7,15(10,11,16,3)",
  "cornerIchitoriFourCorner": "13-6=(1,8)(5,9)4,12,2,7,3(10,14)(15,16)11",
  "paceupIchi": 0,
  "torakkubaiasuOneKaku": "",
  "torakkubaiasuTwoKaku": "",
  "torakkubaiasuKouSei": "",
  "torakkubaiasuThreeKaku": "",
  "torakkubaiasuFourKaku": "",
  "torakkubaiasuChokusen": "",
  "racecomment": ""
}{
  "racekeyBaCode": 8,
  "racekeyNen": 0,
  "racekeyKai": 1,
  "racekeyNichi": 1,
  "racekeyR": 12,
  "harontaimu": [
    123,
    117,
    128,
    129,
    131,
    125,
    126,
    128,
    125,
    0,
    0,
    0,
    0,
    0,
    0,
    0,
    0,
    0
  ],
  "cornerIchitoriOneCorner": "6-7,1,13-(4,5,11)9,3(8,10)14,12-2",
  "cornerIchitoriTwoCorner": "6-7-1,13(4,5)11,9(8,3,10)14,12-2",
  "cornerIchitoriThreeCorner": "(*6,7)(1,4,13)5-11(3,10,14)9,12,8-2",
  "cornerIchitoriFourCorner": "(*6,7,13,5)(1,4,11,14)(9,3)(10,12)8,2",
  "paceupIchi": 4,
  "torakkubaiasuOneKaku": "",
  "torakkubaiasuTwoKaku": "",
  "torakkubaiasuKouSei": "",
  "torakkubaiasuThreeKaku": "",
  "torakkubaiasuFourKaku": "",
  "torakkubaiasuChokusen": "",
  "racecomment": ""
}{
  "racekeyBaCode": 6,
  "racekeyNen": 0,
  "racekeyKai": 1,
  "racekeyNichi": 2,
  "racekeyR": 1,
  "harontaimu": [
    128,
    123,
    132,
    138,
    128,
    132,
    128,
    133,
    135,
    0,
    0,
    0,
    0,
    0,
    0,
    0,
    0,
    0
  ],
  "cornerIchitoriOneCorner": "(*9,14)2(5,7)1(4,6,13)12-(10,11)-8-3",
  "cornerIchitoriTwoCorner": "(*9,14)-2,7(5,13)(1,4,6)12-10(8,11)3",
  "cornerIchitoriThreeCorner": "(*14,9)(7,13,12)2(5,4)(10,6)(1,8,3)=11",
  "cornerIchitoriFourCorner": "(*14,9)7(2,13,12)(4,10,3)5,8,6-1=11",
  "paceupIchi": 5,
  "torakkubaiasuOneKaku": "",
  "torakkubaiasuTwoKaku": "",
  "torakkubaiasuKouSei": "",
  "torakkubaiasuThreeKaku": "",
  "torakkubaiasuFourKaku": "",
  "torakkubaiasuChokusen": "",
  "racecomment": ""
}{
  "racekeyBaCode": 6,
  "racekeyNen": 0,
  "racekeyKai": 1,
  "racekeyNichi": 2,
  "racekeyR": 2,
  "harontaimu": [
    124,
    109,
    118,
    128,
    128,
    135,
    0,
    0,
    0,
    0,
    0,
    0,
    0,
    0,
    0,
    0,
    0,
    0
  ],
  "cornerIchitoriOneCorner": "",
  "cornerIchitoriTwoCorner": "",
  "cornerIchitoriThreeCorner": "3(2,4,11)(7,13,10)1,9(6,5,8)=12",
  "cornerIchitoriFourCorner": "3,4(2,11,13)7(1,9,10)(6,5,8)=12",
  "paceupIchi": 0,
  "torakkubaiasuOneKaku": "",
  "torakkubaiasuTwoKaku": "",
  "torakkubaiasuKouSei": "",
  "torakkubaiasuThreeKaku": "",
  "torakkubaiasuFourKaku": "",
  "torakkubaiasuChokusen": "",
  "racecomment": ""
}{
  "racekeyBaCode": 6,
  "racekeyNen": 0,
  "racekeyKai": 1,
  "racekeyNichi": 2,
  "racekeyR": 3,
  "harontaimu": [
    129,
    122,
    131,
    131,
    131,
    125,
    129,
    134,
    139,
    0,
    0,
    0,
    0,
    0,
    0,
    0,
    0,
    0
  ],
  "cornerIchitoriOneCorner": "3(6,7)9(4,5)8-1-2",
  "cornerIchitoriTwoCorner": "3-(6,7)9(4,5)8-1-2",
  "cornerIchitoriThreeCorner": "3-6(7,9)1(4,5)8-2",
  "cornerIchitoriFourCorner": "3-6-(9,1)-5(2,8)7,4",
  "paceupIchi": 4,
  "torakkubaiasuOneKaku": "",
  "torakkubaiasuTwoKaku": "",
  "torakkubaiasuKouSei": "",
  "torakkubaiasuThreeKaku": "",
  "torakkubaiasuFourKaku": "",
  "torakkubaiasuChokusen": "",
  "racecomment": ""
}{
  "racekeyBaCode": 6,
  "racekeyNen": 0,
  "racekeyKai": 1,
  "racekeyNichi": 2,
  "racekeyR": 4,
  "harontaimu": [
    126,
    121,
    131,
    138,
    129,
    127,
    133,
    133,
    136,
    0,
    0,
    0,
    0,
    0,
    0,
    0,
    0,
    0
  ],
  "cornerIchitoriOneCorner": "13(4,8)1,9,2,14-(10,5)-(3,11,12)7",
  "cornerIchitoriTwoCorner": "13,4(1,8)(2,9)14(10,5)(3,11)12,7",
  "cornerIchitoriThreeCorner": "13(2,4,8)9,14,11(5,3,12)7-1,10",
  "cornerIchitoriFourCorner": "(*13,2)-(5,4,14)(3,9)-8(11,12)-7-10-1",
  "paceupIchi": 5,
  "torakkubaiasuOneKaku": "",
  "torakkubaiasuTwoKaku": "",
  "torakkubaiasuKouSei": "",
  "torakkubaiasuThreeKaku": "",
  "torakkubaiasuFourKaku": "",
  "torakkubaiasuChokusen": "",
  "racecomment": ""
}{
  "racekeyBaCode": 6,
  "racekeyNen": 0,
  "racekeyKai": 1,
  "racekeyNichi": 2,
  "racekeyR": 5,
  "harontaimu": [
    0,
    0,
    0,
    0,
    0,
    0,
    0,
    0,
    0,
    0,
    0,
    0,
    0,
    0,
    0,
    0,
    0,
    0
  ],
  "cornerIchitoriOneCorner": "",
  "cornerIchitoriTwoCorner": "8,2(11,12)(10,4,5)=9-7-6-13-(3,1)",
  "cornerIchitoriThreeCorner": "8(11,2,12,5)4=10=9-7-6=13-1,3",
  "cornerIchitoriFourCorner": "(*8,11)-(4,2,12)5=10=9,7-6=13-1=3",
  "paceupIchi": 0,
  "torakkubaiasuOneKaku": "",
  "torakkubaiasuTwoKaku": "",
  "torakkubaiasuKouSei": "",
  "torakkubaiasuThreeKaku": "",
  "torakkubaiasuFourKaku": "",
  "torakkubaiasuChokusen": "",
  "racecomment": ""
}{
  "racekeyBaCode": 6,
  "racekeyNen": 0,
  "racekeyKai": 1,
  "racekeyNichi": 2,
  "racekeyR": 6,
  "harontaimu": [
    123,
    108,
    117,
    128,
    129,
    141,
    0,
    0,
    0,
    0,
    0,
    0,
    0,
    0,
    0,
    0,
    0,
    0
  ],
  "cornerIchitoriOneCorner": "",
  "cornerIchitoriTwoCorner": "",
  "cornerIchitoriThreeCorner": "(*2,10)9(5,7,11)-15,3,12-(1,14)-(6,8)-13=4",
  "cornerIchitoriFourCorner": "(*2,10)(7,11)(9,5)-3(12,15)(1,14)-6,8=13=4",
  "paceupIchi": 0,
  "torakkubaiasuOneKaku": "",
  "torakkubaiasuTwoKaku": "",
  "torakkubaiasuKouSei": "",
  "torakkubaiasuThreeKaku": "",
  "torakkubaiasuFourKaku": "",
  "torakkubaiasuChokusen": "",
  "racecomment": ""
}{
  "racekeyBaCode": 6,
  "racekeyNen": 0,
  "racekeyKai": 1,
  "racekeyNichi": 2,
  "racekeyR": 7,
  "harontaimu": [
    132,
    123,
    128,
    131,
    142,
    139,
    139,
    129,
    126,
    125,
    127,
    133,
    0,
    0,
    0,
    0,
    0,
    0
  ],
  "cornerIchitoriOneCorner": "2,9(6,14)(7,15)(1,4)(10,8)(5,12,13)-(3,16)11",
  "cornerIchitoriTwoCorner": "2,9(6,14)(7,15)(1,4)10(5,12,13,8)-16-(3,11)",
  "cornerIchitoriThreeCorner": "(*2,9,14,15)(6,7,12,10)(1,4)5(13,16)11,8,3",
  "cornerIchitoriFourCorner": "(9,*14)15(2,7,4)(6,1,12)-(11,5,10)(13,16)-3-8",
  "paceupIchi": 5,
  "torakkubaiasuOneKaku": "",
  "torakkubaiasuTwoKaku": "",
  "torakkubaiasuKouSei": "",
  "torakkubaiasuThreeKaku": "",
  "torakkubaiasuFourKaku": "",
  "torakkubaiasuChokusen": "",
  "racecomment": ""
}{
  "racekeyBaCode": 6,
  "racekeyNen": 0,
  "racekeyKai": 1,
  "racekeyNichi": 2,
  "racekeyR": 8,
  "harontaimu": [
    123,
    107,
    114,
    120,
    128,
    136,
    0,
    0,
    0,
    0,
    0,
    0,
    0,
    0,
    0,
    0,
    0,
    0
  ],
  "cornerIchitoriOneCorner": "",
  "cornerIchitoriTwoCorner": "",
  "cornerIchitoriThreeCorner": "(11,*13,14)16(9,15)10(8,5)(2,3,12)6,4,7-1",
  "cornerIchitoriFourCorner": "(11,*13)14-9,16(8,10)(2,15,5,3)4,12,6,1,7",
  "paceupIchi": 0,
  "torakkubaiasuOneKaku": "",
  "torakkubaiasuTwoKaku": "",
  "torakkubaiasuKouSei": "",
  "torakkubaiasuThreeKaku": "",
  "torakkubaiasuFourKaku": "",
  "torakkubaiasuChokusen": "",
  "racecomment": ""
}{
  "racekeyBaCode": 6,
  "racekeyNen": 0,
  "racekeyKai": 1,
  "racekeyNichi": 2,
  "racekeyR": 9,
  "harontaimu": [
    127,
    120,
    118,
    120,
    121,
    122,
    122,
    117,
    0,
    0,
    0,
    0,
    0,
    0,
    0,
    0,
    0,
    0
  ],
  "cornerIchitoriOneCorner": "",
  "cornerIchitoriTwoCorner": "9(7,8)(3,4,6)(2,5)-1",
  "cornerIchitoriThreeCorner": "9(7,8)(4,6)(2,5)(3,1)",
  "cornerIchitoriFourCorner": "(7,*9)-(4,8,6)(3,2,5)1",
  "paceupIchi": 1,
  "torakkubaiasuOneKaku": "",
  "torakkubaiasuTwoKaku": "",
  "torakkubaiasuKouSei": "",
  "torakkubaiasuThreeKaku": "",
  "torakkubaiasuFourKaku": "",
  "torakkubaiasuChokusen": "",
  "racecomment": ""
}{
  "racekeyBaCode": 6,
  "racekeyNen": 0,
  "racekeyKai": 1,
  "racekeyNichi": 2,
  "racekeyR": 10,
  "harontaimu": [
    128,
    119,
    132,
    137,
    125,
    119,
    120,
    123,
    116,
    124,
    0,
    0,
    0,
    0,
    0,
    0,
    0,
    0
  ],
  "cornerIchitoriOneCorner": "9-(13,14)(10,12)11(4,7,15)(5,8,6)(1,2,16)3",
  "cornerIchitoriTwoCorner": "9,14(13,12)(10,11)(4,7,15)(5,8,6)(1,2)16,3",
  "cornerIchitoriThreeCorner": "9(12,14)(10,13,11)(4,7,15)(5,6)(3,1,8,2)16",
  "cornerIchitoriFourCorner": "9(12,11)(10,13,14,15)(4,7,2)(5,6)(3,16)1,8",
  "paceupIchi": 6,
  "torakkubaiasuOneKaku": "",
  "torakkubaiasuTwoKaku": "",
  "torakkubaiasuKouSei": "",
  "torakkubaiasuThreeKaku": "",
  "torakkubaiasuFourKaku": "",
  "torakkubaiasuChokusen": "",
  "racecomment": ""
}{
  "racekeyBaCode": 6,
  "racekeyNen": 0,
  "racekeyKai": 1,
  "racekeyNichi": 2,
  "racekeyR": 11,
  "harontaimu": [
    120,
    105,
    110,
    119,
    119,
    120,
    0,
    0,
    0,
    0,
    0,
    0,
    0,
    0,
    0,
    0,
    0,
    0
  ],
  "cornerIchitoriOneCorner": "",
  "cornerIchitoriTwoCorner": "",
  "cornerIchitoriThreeCorner": "16(10,15)(5,13,12)(2,1,11,9,14)8(6,7)(3,4)",
  "cornerIchitoriFourCorner": "(5,*16)(2,10,15,12)(1,13,14)(11,9,6,7)(3,8,4)",
  "paceupIchi": 0,
  "torakkubaiasuOneKaku": "",
  "torakkubaiasuTwoKaku": "",
  "torakkubaiasuKouSei": "",
  "torakkubaiasuThreeKaku": "",
  "torakkubaiasuFourKaku": "",
  "torakkubaiasuChokusen": "",
  "racecomment": ""
}{
  "racekeyBaCode": 6,
  "racekeyNen": 0,
  "racekeyKai": 1,
  "racekeyNichi": 2,
  "racekeyR": 12,
  "harontaimu": [
    119,
    108,
    113,
    120,
    127,
    134,
    0,
    0,
    0,
    0,
    0,
    0,
    0,
    0,
    0,
    0,
    0,
    0
  ],
  "cornerIchitoriOneCorner": "",
  "cornerIchitoriTwoCorner": "",
  "cornerIchitoriThreeCorner": "(*7,14)(6,4,13,15)(10,8)(2,5)(3,9,12)1,11",
  "cornerIchitoriFourCorner": "(*7,14)(4,13)(6,15)(10,8)(2,5)(3,9,12)(1,11)",
  "paceupIchi": 0,
  "torakkubaiasuOneKaku": "",
  "torakkubaiasuTwoKaku": "",
  "torakkubaiasuKouSei": "",
  "torakkubaiasuThreeKaku": "",
  "torakkubaiasuFourKaku": "",
  "torakkubaiasuChokusen": "",
  "racecomment": ""
}{
  "racekeyBaCode": 8,
  "racekeyNen": 0,
  "racekeyKai": 1,
  "racekeyNichi": 2,
  "racekeyR": 1,
  "harontaimu": [
    123,
    119,
    131,
    131,
    129,
    130,
    130,
    130,
    128,
    0,
    0,
    0,
    0,
    0,
    0,
    0,
    0,
    0
  ],
  "cornerIchitoriOneCorner": "7,12,2(4,5,10)-11,6(8,9)1-3",
  "cornerIchitoriTwoCorner": "7(2,12)(4,5,10)-11-(6,9)8,1,3",
  "cornerIchitoriThreeCorner": "7(2,12,10)(4,5,11)3-9-(6,8)1",
  "cornerIchitoriFourCorner": "(*7,10)(2,12,11)4,3,5,9-(6,8)1",
  "paceupIchi": 0,
  "torakkubaiasuOneKaku": "",
  "torakkubaiasuTwoKaku": "",
  "torakkubaiasuKouSei": "",
  "torakkubaiasuThreeKaku": "",
  "torakkubaiasuFourKaku": "",
  "torakkubaiasuChokusen": "",
  "racecomment": ""
}{
  "racekeyBaCode": 8,
  "racekeyNen": 0,
  "racekeyKai": 1,
  "racekeyNichi": 2,
  "racekeyR": 2,
  "harontaimu": [
    126,
    113,
    119,
    120,
    123,
    134,
    132,
    0,
    0,
    0,
    0,
    0,
    0,
    0,
    0,
    0,
    0,
    0
  ],
  "cornerIchitoriOneCorner": "",
  "cornerIchitoriTwoCorner": "",
  "cornerIchitoriThreeCorner": "(*5,10)8,7,6,2(4,1,12)9,3=11",
  "cornerIchitoriFourCorner": "(5,*10)8-(7,1)2,6,12,4(3,9)=11",
  "paceupIchi": 0,
  "torakkubaiasuOneKaku": "",
  "torakkubaiasuTwoKaku": "",
  "torakkubaiasuKouSei": "",
  "torakkubaiasuThreeKaku": "",
  "torakkubaiasuFourKaku": "",
  "torakkubaiasuChokusen": "",
  "racecomment": ""
}{
  "racekeyBaCode": 8,
  "racekeyNen": 0,
  "racekeyKai": 1,
  "racekeyNichi": 2,
  "racekeyR": 3,
  "harontaimu": [
    127,
    112,
    118,
    122,
    127,
    135,
    0,
    0,
    0,
    0,
    0,
    0,
    0,
    0,
    0,
    0,
    0,
    0
  ],
  "cornerIchitoriOneCorner": "",
  "cornerIchitoriTwoCorner": "",
  "cornerIchitoriThreeCorner": "4,14,10(7,12,13)1,3(11,15)2,5,8,6-9",
  "cornerIchitoriFourCorner": "4,14,10-(7,12)13(1,3,11)2,5(8,15)6-9",
  "paceupIchi": 0,
  "torakkubaiasuOneKaku": "",
  "torakkubaiasuTwoKaku": "",
  "torakkubaiasuKouSei": "",
  "torakkubaiasuThreeKaku": "",
  "torakkubaiasuFourKaku": "",
  "torakkubaiasuChokusen": "",
  "racecomment": ""
}{
  "racekeyBaCode": 8,
  "racekeyNen": 0,
  "racekeyKai": 1,
  "racekeyNichi": 2,
  "racekeyR": 4,
  "harontaimu": [
    126,
    123,
    138,
    134,
    131,
    127,
    126,
    135,
    137,
    0,
    0,
    0,
    0,
    0,
    0,
    0,
    0,
    0
  ],
  "cornerIchitoriOneCorner": "3(7,5)(2,6,8)4-1",
  "cornerIchitoriTwoCorner": "3(7,5)2(6,8)4,1",
  "cornerIchitoriThreeCorner": "(*3,7,1)6(2,5,8)4",
  "cornerIchitoriFourCorner": "(*3,7,1)-6-(4,8)-5-2",
  "paceupIchi": 0,
  "torakkubaiasuOneKaku": "",
  "torakkubaiasuTwoKaku": "",
  "torakkubaiasuKouSei": "",
  "torakkubaiasuThreeKaku": "",
  "torakkubaiasuFourKaku": "",
  "torakkubaiasuChokusen": "",
  "racecomment": ""
}{
  "racekeyBaCode": 8,
  "racekeyNen": 0,
  "racekeyKai": 1,
  "racekeyNichi": 2,
  "racekeyR": 5,
  "harontaimu": [
    129,
    115,
    123,
    126,
    123,
    127,
    128,
    0,
    0,
    0,
    0,
    0,
    0,
    0,
    0,
    0,
    0,
    0
  ],
  "cornerIchitoriOneCorner": "",
  "cornerIchitoriTwoCorner": "",
  "cornerIchitoriThreeCorner": "11(8,6)5(2,9)-(1,3,4)7,10",
  "cornerIchitoriFourCorner": "(11,8,*6)-5,9,2(3,4,7)1-10",
  "paceupIchi": 0,
  "torakkubaiasuOneKaku": "",
  "torakkubaiasuTwoKaku": "",
  "torakkubaiasuKouSei": "",
  "torakkubaiasuThreeKaku": "",
  "torakkubaiasuFourKaku": "",
  "torakkubaiasuChokusen": "",
  "racecomment": ""
}{
  "racekeyBaCode": 8,
  "racekeyNen": 0,
  "racekeyKai": 1,
  "racekeyNichi": 2,
  "racekeyR": 6,
  "harontaimu": [
    124,
    112,
    117,
    118,
    119,
    124,
    0,
    0,
    0,
    0,
    0,
    0,
    0,
    0,
    0,
    0,
    0,
    0
  ],
  "cornerIchitoriOneCorner": "",
  "cornerIchitoriTwoCorner": "",
  "cornerIchitoriThreeCorner": "(6,*15,12)(2,4,14)(1,13,9)-3-7,8(5,11)-10",
  "cornerIchitoriFourCorner": "(*6,15)(2,12)(4,14)(1,9)13-3=7(8,11)5-10",
  "paceupIchi": 0,
  "torakkubaiasuOneKaku": "",
  "torakkubaiasuTwoKaku": "",
  "torakkubaiasuKouSei": "",
  "torakkubaiasuThreeKaku": "",
  "torakkubaiasuFourKaku": "",
  "torakkubaiasuChokusen": "",
  "racecomment": ""
}{
  "racekeyBaCode": 8,
  "racekeyNen": 0,
  "racekeyKai": 1,
  "racekeyNichi": 2,
  "racekeyR": 7,
  "harontaimu": [
    123,
    115,
    120,
    125,
    133,
    131,
    130,
    135,
    134,
    0,
    0,
    0,
    0,
    0,
    0,
    0,
    0,
    0
  ],
  "cornerIchitoriOneCorner": "7-(3,4)(5,12)(6,8,15,16)(1,10)(9,13,14)(2,11)",
  "cornerIchitoriTwoCorner": "7-(3,4)(5,12)-(15,16)6(10,8)(9,13,14)1,11,2",
  "cornerIchitoriThreeCorner": "(7,*3,4,5,12)15-(10,16)6(8,13)2(9,14)11,1",
  "cornerIchitoriFourCorner": "3(4,5,12)15(10,16)(7,6,13)2(8,11)(1,9)14",
  "paceupIchi": 0,
  "torakkubaiasuOneKaku": "",
  "torakkubaiasuTwoKaku": "",
  "torakkubaiasuKouSei": "",
  "torakkubaiasuThreeKaku": "",
  "torakkubaiasuFourKaku": "",
  "torakkubaiasuChokusen": "",
  "racecomment": ""
}{
  "racekeyBaCode": 8,
  "racekeyNen": 0,
  "racekeyKai": 1,
  "racekeyNichi": 2,
  "racekeyR": 8,
  "harontaimu": [
    126,
    109,
    117,
    122,
    124,
    125,
    130,
    0,
    0,
    0,
    0,
    0,
    0,
    0,
    0,
    0,
    0,
    0
  ],
  "cornerIchitoriOneCorner": "",
  "cornerIchitoriTwoCorner": "",
  "cornerIchitoriThreeCorner": "16(3,6)14(5,15)12(2,4)(9,10,13)(7,11)1-8",
  "cornerIchitoriFourCorner": "16,3(5,14,15)(12,6)-(2,4,10,13)(9,7,11)1,8",
  "paceupIchi": 0,
  "torakkubaiasuOneKaku": "",
  "torakkubaiasuTwoKaku": "",
  "torakkubaiasuKouSei": "",
  "torakkubaiasuThreeKaku": "",
  "torakkubaiasuFourKaku": "",
  "torakkubaiasuChokusen": "",
  "racecomment": ""
}{
  "racekeyBaCode": 8,
  "racekeyNen": 0,
  "racekeyKai": 1,
  "racekeyNichi": 2,
  "racekeyR": 9,
  "harontaimu": [
    124,
    110,
    120,
    123,
    126,
    134,
    0,
    0,
    0,
    0,
    0,
    0,
    0,
    0,
    0,
    0,
    0,
    0
  ],
  "cornerIchitoriOneCorner": "",
  "cornerIchitoriTwoCorner": "",
  "cornerIchitoriThreeCorner": "(*2,9)(3,4,16)11(7,15)(10,13,14)-8-1-5,12,6",
  "cornerIchitoriFourCorner": "(*2,9,16)(3,11)(4,14,15)7(10,13)8-1(12,5)6",
  "paceupIchi": 0,
  "torakkubaiasuOneKaku": "",
  "torakkubaiasuTwoKaku": "",
  "torakkubaiasuKouSei": "",
  "torakkubaiasuThreeKaku": "",
  "torakkubaiasuFourKaku": "",
  "torakkubaiasuChokusen": "",
  "racecomment": ""
}{
  "racekeyBaCode": 8,
  "racekeyNen": 0,
  "racekeyKai": 1,
  "racekeyNichi": 2,
  "racekeyR": 10,
  "harontaimu": [
    124,
    115,
    131,
    135,
    135,
    128,
    123,
    122,
    123,
    0,
    0,
    0,
    0,
    0,
    0,
    0,
    0,
    0
  ],
  "cornerIchitoriOneCorner": "2,8,1,4-5-(7,9)3-10-6",
  "cornerIchitoriTwoCorner": "2-8,1,4,5(7,9)-3-10-6",
  "cornerIchitoriThreeCorner": "(*2,8)(1,4)9(5,7,3)-(10,6)",
  "cornerIchitoriFourCorner": "(*2,8)4(1,9)(5,7,3)(10,6)",
  "paceupIchi": 4,
  "torakkubaiasuOneKaku": "",
  "torakkubaiasuTwoKaku": "",
  "torakkubaiasuKouSei": "",
  "torakkubaiasuThreeKaku": "",
  "torakkubaiasuFourKaku": "",
  "torakkubaiasuChokusen": "",
  "racecomment": ""
}{
  "racekeyBaCode": 8,
  "racekeyNen": 0,
  "racekeyKai": 1,
  "racekeyNichi": 2,
  "racekeyR": 11,
  "harontaimu": [
    122,
    108,
    112,
    117,
    119,
    114,
    124,
    0,
    0,
    0,
    0,
    0,
    0,
    0,
    0,
    0,
    0,
    0
  ],
  "cornerIchitoriOneCorner": "",
  "cornerIchitoriTwoCorner": "",
  "cornerIchitoriThreeCorner": "14-(1,2)6(4,9,11)(8,12,16)(3,10)(5,7,15,13)",
  "cornerIchitoriFourCorner": "14-(1,2)6(8,4,9)(12,11,16,10)3,7,5,13,15",
  "paceupIchi": 0,
  "torakkubaiasuOneKaku": "",
  "torakkubaiasuTwoKaku": "",
  "torakkubaiasuKouSei": "",
  "torakkubaiasuThreeKaku": "",
  "torakkubaiasuFourKaku": "",
  "torakkubaiasuChokusen": "",
  "racecomment": ""
}{
  "racekeyBaCode": 8,
  "racekeyNen": 0,
  "racekeyKai": 1,
  "racekeyNichi": 2,
  "racekeyR": 12,
  "harontaimu": [
    124,
    110,
    115,
    117,
    119,
    128,
    128,
    0,
    0,
    0,
    0,
    0,
    0,
    0,
    0,
    0,
    0,
    0
  ],
  "cornerIchitoriOneCorner": "",
  "cornerIchitoriTwoCorner": "",
  "cornerIchitoriThreeCorner": "4,7-(3,11)(5,12)14,9(8,1)-(6,10,13)-2",
  "cornerIchitoriFourCorner": "4,7,3-(5,11,12)9(8,14)1-6,10(2,13)",
  "paceupIchi": 0,
  "torakkubaiasuOneKaku": "",
  "torakkubaiasuTwoKaku": "",
  "torakkubaiasuKouSei": "",
  "torakkubaiasuThreeKaku": "",
  "torakkubaiasuFourKaku": "",
  "torakkubaiasuChokusen": "",
  "racecomment": ""
}{
  "racekeyBaCode": 6,
  "racekeyNen": 0,
  "racekeyKai": 1,
  "racekeyNichi": 3,
  "racekeyR": 1,
  "harontaimu": [
    123,
    108,
    115,
    125,
    131,
    137,
    0,
    0,
    0,
    0,
    0,
    0,
    0,
    0,
    0,
    0,
    0,
    0
  ],
  "cornerIchitoriOneCorner": "",
  "cornerIchitoriTwoCorner": "",
  "cornerIchitoriThreeCorner": "6(7,11)(5,8)-(9,10,12)1,2-(3,4)",
  "cornerIchitoriFourCorner": "6,7-(8,11)(5,9,10,12)-1(3,2)4",
  "paceupIchi": 0,
  "torakkubaiasuOneKaku": "",
  "torakkubaiasuTwoKaku": "",
  "torakkubaiasuKouSei": "",
  "torakkubaiasuThreeKaku": "",
  "torakkubaiasuFourKaku": "",
  "torakkubaiasuChokusen": "",
  "racecomment": ""
}{
  "racekeyBaCode": 6,
  "racekeyNen": 0,
  "racekeyKai": 1,
  "racekeyNichi": 3,
  "racekeyR": 2,
  "harontaimu": [
    129,
    118,
    133,
    135,
    131,
    127,
    126,
    132,
    144,
    0,
    0,
    0,
    0,
    0,
    0,
    0,
    0,
    0
  ],
  "cornerIchitoriOneCorner": "7,8,13(3,6,5)9(12,10)(4,14)2-(1,11)",
  "cornerIchitoriTwoCorner": "7,8(3,13)(6,5)(12,9)(4,10)14-2,1,11",
  "cornerIchitoriThreeCorner": "(*7,5)-8(12,6,13)(9,11)-(3,14,10)(4,2)-1",
  "cornerIchitoriFourCorner": "7,5-8,12,6-(13,11,2)9(14,10,4)(3,1)",
  "paceupIchi": 0,
  "torakkubaiasuOneKaku": "",
  "torakkubaiasuTwoKaku": "",
  "torakkubaiasuKouSei": "",
  "torakkubaiasuThreeKaku": "",
  "torakkubaiasuFourKaku": "",
  "torakkubaiasuChokusen": "",
  "racecomment": ""
}{
  "racekeyBaCode": 6,
  "racekeyNen": 0,
  "racekeyKai": 1,
  "racekeyNichi": 3,
  "racekeyR": 3,
  "harontaimu": [
    123,
    106,
    115,
    124,
    127,
    135,
    0,
    0,
    0,
    0,
    0,
    0,
    0,
    0,
    0,
    0,
    0,
    0
  ],
  "cornerIchitoriOneCorner": "",
  "cornerIchitoriTwoCorner": "",
  "cornerIchitoriThreeCorner": "(*5,6)10(1,2,3)7(4,11)-8-9",
  "cornerIchitoriFourCorner": "(*5,6)10(1,2)3,7(4,8,11)-9",
  "paceupIchi": 0,
  "torakkubaiasuOneKaku": "",
  "torakkubaiasuTwoKaku": "",
  "torakkubaiasuKouSei": "",
  "torakkubaiasuThreeKaku": "",
  "torakkubaiasuFourKaku": "",
  "torakkubaiasuChokusen": "",
  "racecomment": ""
}{
  "racekeyBaCode": 6,
  "racekeyNen": 0,
  "racekeyKai": 1,
  "racekeyNichi": 3,
  "racekeyR": 4,
  "harontaimu": [
    128,
    119,
    137,
    138,
    132,
    129,
    130,
    129,
    131,
    0,
    0,
    0,
    0,
    0,
    0,
    0,
    0,
    0
  ],
  "cornerIchitoriOneCorner": "(*1,4)5-(7,10,11)=8(6,9)(2,3)",
  "cornerIchitoriTwoCorner": "(*1,4,5)(7,10,11)=8-(6,9)(2,3)",
  "cornerIchitoriThreeCorner": "(*1,4,5)(7,11)-10=(8,9)-6,2,3",
  "cornerIchitoriFourCorner": "(*1,4,5)7,11=9-(10,8)-6,2=3",
  "paceupIchi": 5,
  "torakkubaiasuOneKaku": "",
  "torakkubaiasuTwoKaku": "",
  "torakkubaiasuKouSei": "",
  "torakkubaiasuThreeKaku": "",
  "torakkubaiasuFourKaku": "",
  "torakkubaiasuChokusen": "",
  "racecomment": ""
}{
  "racekeyBaCode": 6,
  "racekeyNen": 0,
  "racekeyKai": 1,
  "racekeyNichi": 3,
  "racekeyR": 5,
  "harontaimu": [
    125,
    109,
    115,
    123,
    129,
    134,
    0,
    0,
    0,
    0,
    0,
    0,
    0,
    0,
    0,
    0,
    0,
    0
  ],
  "cornerIchitoriOneCorner": "",
  "cornerIchitoriTwoCorner": "",
  "cornerIchitoriThreeCorner": "(*7,14)(10,8,15)-(5,3)-16(6,11,13)=1-(2,4,9)12",
  "cornerIchitoriFourCorner": "7,14(10,8)3(5,15)=(6,16)13-11-1=4-(2,12)-9",
  "paceupIchi": 0,
  "torakkubaiasuOneKaku": "",
  "torakkubaiasuTwoKaku": "",
  "torakkubaiasuKouSei": "",
  "torakkubaiasuThreeKaku": "",
  "torakkubaiasuFourKaku": "",
  "torakkubaiasuChokusen": "",
  "racecomment": ""
}{
  "racekeyBaCode": 6,
  "racekeyNen": 0,
  "racekeyKai": 1,
  "racekeyNichi": 3,
  "racekeyR": 6,
  "harontaimu": [
    131,
    129,
    139,
    134,
    132,
    131,
    123,
    118,
    116,
    0,
    0,
    0,
    0,
    0,
    0,
    0,
    0,
    0
  ],
  "cornerIchitoriOneCorner": "(*1,9)12(8,10,15)(5,6)(2,3)(4,13,11)14,7",
  "cornerIchitoriTwoCorner": "1,9,12(8,10,15)(5,6,3)(2,4,13)(14,11)7",
  "cornerIchitoriThreeCorner": "(*1,9)(8,12,15)(10,3)(5,2,6,13)(4,7,14)-11",
  "cornerIchitoriFourCorner": "(*1,8,9,12,3)(10,15,13)(5,2)(6,14)(4,7)11",
  "paceupIchi": 6,
  "torakkubaiasuOneKaku": "",
  "torakkubaiasuTwoKaku": "",
  "torakkubaiasuKouSei": "",
  "torakkubaiasuThreeKaku": "",
  "torakkubaiasuFourKaku": "",
  "torakkubaiasuChokusen": "",
  "racecomment": ""
}{
  "racekeyBaCode": 6,
  "racekeyNen": 0,
  "racekeyKai": 1,
  "racekeyNichi": 3,
  "racekeyR": 7,
  "harontaimu": [
    129,
    117,
    130,
    135,
    127,
    124,
    126,
    127,
    132,
    0,
    0,
    0,
    0,
    0,
    0,
    0,
    0,
    0
  ],
  "cornerIchitoriOneCorner": "2,5,8(6,10)(3,9)(7,11,12)(1,14)(4,13)(15,16)",
  "cornerIchitoriTwoCorner": "2,5,8(6,10)(3,7,9)(1,11,12)(4,13,14)(15,16)",
  "cornerIchitoriThreeCorner": "(*2,5)(6,7,8,10)(3,1,11,14)(4,13,12,9)(15,16)",
  "cornerIchitoriFourCorner": "(*2,5)10(6,7)(1,8,14)3(13,11,12)4(15,16)-9",
  "paceupIchi": 5,
  "torakkubaiasuOneKaku": "",
  "torakkubaiasuTwoKaku": "",
  "torakkubaiasuKouSei": "",
  "torakkubaiasuThreeKaku": "",
  "torakkubaiasuFourKaku": "",
  "torakkubaiasuChokusen": "",
  "racecomment": ""
}{
  "racekeyBaCode": 6,
  "racekeyNen": 0,
  "racekeyKai": 1,
  "racekeyNichi": 3,
  "racekeyR": 8,
  "harontaimu": [
    122,
    108,
    114,
    123,
    127,
    131,
    0,
    0,
    0,
    0,
    0,
    0,
    0,
    0,
    0,
    0,
    0,
    0
  ],
  "cornerIchitoriOneCorner": "",
  "cornerIchitoriTwoCorner": "",
  "cornerIchitoriThreeCorner": "(*9,14)15(1,16)(11,13)(2,10,12,6)(4,3,7,8)=5",
  "cornerIchitoriFourCorner": "(*9,14)15(1,16)(2,13)(11,12)(4,3,6,8)10,7=5",
  "paceupIchi": 0,
  "torakkubaiasuOneKaku": "",
  "torakkubaiasuTwoKaku": "",
  "torakkubaiasuKouSei": "",
  "torakkubaiasuThreeKaku": "",
  "torakkubaiasuFourKaku": "",
  "torakkubaiasuChokusen": "",
  "racecomment": ""
}{
  "racekeyBaCode": 6,
  "racekeyNen": 0,
  "racekeyKai": 1,
  "racekeyNichi": 3,
  "racekeyR": 9,
  "harontaimu": [
    129,
    119,
    136,
    139,
    134,
    130,
    126,
    126,
    132,
    0,
    0,
    0,
    0,
    0,
    0,
    0,
    0,
    0
  ],
  "cornerIchitoriOneCorner": "1,5-3-7-(6,10)(4,9)2,8",
  "cornerIchitoriTwoCorner": "1,5,3-7(6,10)(4,9)2,8",
  "cornerIchitoriThreeCorner": "(*1,5,3,7)(6,10)-9,4(2,8)",
  "cornerIchitoriFourCorner": "(1,*5,3)(6,10)-7-9-(2,4)-8",
  "paceupIchi": 5,
  "torakkubaiasuOneKaku": "",
  "torakkubaiasuTwoKaku": "",
  "torakkubaiasuKouSei": "",
  "torakkubaiasuThreeKaku": "",
  "torakkubaiasuFourKaku": "",
  "torakkubaiasuChokusen": "",
  "racecomment": ""
}{
  "racekeyBaCode": 6,
  "racekeyNen": 0,
  "racekeyKai": 1,
  "racekeyNichi": 3,
  "racekeyR": 10,
  "harontaimu": [
    120,
    104,
    110,
    120,
    121,
    123,
    0,
    0,
    0,
    0,
    0,
    0,
    0,
    0,
    0,
    0,
    0,
    0
  ],
  "cornerIchitoriOneCorner": "",
  "cornerIchitoriTwoCorner": "",
  "cornerIchitoriThreeCorner": "(*5,2)(7,11)(4,1,12)6,3,8,10,13(9,14,16)15",
  "cornerIchitoriFourCorner": "5(2,11)(4,12)(7,1)6,3(10,8)(9,13,14,16)-15",
  "paceupIchi": 0,
  "torakkubaiasuOneKaku": "",
  "torakkubaiasuTwoKaku": "",
  "torakkubaiasuKouSei": "",
  "torakkubaiasuThreeKaku": "",
  "torakkubaiasuFourKaku": "",
  "torakkubaiasuChokusen": "",
  "racecomment": ""
}{
  "racekeyBaCode": 6,
  "racekeyNen": 0,
  "racekeyKai": 1,
  "racekeyNichi": 3,
  "racekeyR": 11,
  "harontaimu": [
    125,
    114,
    128,
    128,
    122,
    124,
    126,
    128,
    130,
    0,
    0,
    0,
    0,
    0,
    0,
    0,
    0,
    0
  ],
  "cornerIchitoriOneCorner": "3(6,8,14)(1,2,15)(9,10)(4,11)(5,16)(7,13)12",
  "cornerIchitoriTwoCorner": "3-(6,8,14)(1,2,9,15,10)(4,11)(5,16)(7,13)12",
  "cornerIchitoriThreeCorner": "3(15,10)-(1,6)(2,8,14,11)(4,9,5,16)13,12,7",
  "cornerIchitoriFourCorner": "3-(10,1)11(15,5,16)(4,6,13)(2,14)(9,12,7)-8",
  "paceupIchi": 5,
  "torakkubaiasuOneKaku": "",
  "torakkubaiasuTwoKaku": "",
  "torakkubaiasuKouSei": "",
  "torakkubaiasuThreeKaku": "",
  "torakkubaiasuFourKaku": "",
  "torakkubaiasuChokusen": "",
  "racecomment": ""
}{
  "racekeyBaCode": 6,
  "racekeyNen": 0,
  "racekeyKai": 1,
  "racekeyNichi": 3,
  "racekeyR": 12,
  "harontaimu": [
    125,
    115,
    131,
    132,
    125,
    124,
    129,
    129,
    132,
    0,
    0,
    0,
    0,
    0,
    0,
    0,
    0,
    0
  ],
  "cornerIchitoriOneCorner": "7-1(2,11)(9,10)(6,13)(8,5)(12,14)4",
  "cornerIchitoriTwoCorner": "7,1(2,11)(9,10)(6,5,13)(8,12)(4,14)",
  "cornerIchitoriThreeCorner": "7(1,11)(2,10)(5,13)(9,12)8(6,4,14)",
  "cornerIchitoriFourCorner": "7(11,10)2,1(5,13)(9,8)(6,4,12)14",
  "paceupIchi": 5,
  "torakkubaiasuOneKaku": "",
  "torakkubaiasuTwoKaku": "",
  "torakkubaiasuKouSei": "",
  "torakkubaiasuThreeKaku": "",
  "torakkubaiasuFourKaku": "",
  "torakkubaiasuChokusen": "",
  "racecomment": ""
}{
  "racekeyBaCode": 8,
  "racekeyNen": 0,
  "racekeyKai": 1,
  "racekeyNichi": 3,
  "racekeyR": 1,
  "harontaimu": [
    124,
    113,
    120,
    122,
    126,
    126,
    0,
    0,
    0,
    0,
    0,
    0,
    0,
    0,
    0,
    0,
    0,
    0
  ],
  "cornerIchitoriOneCorner": "",
  "cornerIchitoriTwoCorner": "",
  "cornerIchitoriThreeCorner": "1,6,4(2,9)-3,8(12,5)11-(7,10)",
  "cornerIchitoriFourCorner": "(1,*4,9)(2,6)-(8,3,5)-(12,11)-(7,10)",
  "paceupIchi": 0,
  "torakkubaiasuOneKaku": "",
  "torakkubaiasuTwoKaku": "",
  "torakkubaiasuKouSei": "",
  "torakkubaiasuThreeKaku": "",
  "torakkubaiasuFourKaku": "",
  "torakkubaiasuChokusen": "",
  "racecomment": ""
}{
  "racekeyBaCode": 8,
  "racekeyNen": 0,
  "racekeyKai": 1,
  "racekeyNichi": 3,
  "racekeyR": 2,
  "harontaimu": [
    123,
    114,
    134,
    137,
    135,
    129,
    130,
    131,
    132,
    0,
    0,
    0,
    0,
    0,
    0,
    0,
    0,
    0
  ],
  "cornerIchitoriOneCorner": "5,11(8,9,16)(6,12,15)14,3,10,2,13,1,4,7",
  "cornerIchitoriTwoCorner": "5,11(8,9,16)(6,12,15)-14,3,10,2,13,1(4,7)",
  "cornerIchitoriThreeCorner": "5,16(11,9,15)-(8,6)-(2,14)10-13(12,7)(3,1)4",
  "cornerIchitoriFourCorner": "(*5,16)9-(6,15)-(11,2)(13,8)-14,10(3,1,7)-(4,12)",
  "paceupIchi": 4,
  "torakkubaiasuOneKaku": "",
  "torakkubaiasuTwoKaku": "",
  "torakkubaiasuKouSei": "",
  "torakkubaiasuThreeKaku": "",
  "torakkubaiasuFourKaku": "",
  "torakkubaiasuChokusen": "",
  "racecomment": ""
}{
  "racekeyBaCode": 8,
  "racekeyNen": 0,
  "racekeyKai": 1,
  "racekeyNichi": 3,
  "racekeyR": 3,
  "harontaimu": [
    123,
    113,
    123,
    131,
    126,
    124,
    128,
    0,
    0,
    0,
    0,
    0,
    0,
    0,
    0,
    0,
    0,
    0
  ],
  "cornerIchitoriOneCorner": "",
  "cornerIchitoriTwoCorner": "",
  "cornerIchitoriThreeCorner": "8(13,14,15)16(1,5,12,10)(6,11)(9,7)4,3,2",
  "cornerIchitoriFourCorner": "(*8,14)(13,15)16-(1,5)(11,7)(12,10)(9,6)(4,3)-2",
  "paceupIchi": 0,
  "torakkubaiasuOneKaku": "",
  "torakkubaiasuTwoKaku": "",
  "torakkubaiasuKouSei": "",
  "torakkubaiasuThreeKaku": "",
  "torakkubaiasuFourKaku": "",
  "torakkubaiasuChokusen": "",
  "racecomment": ""
}{
  "racekeyBaCode": 8,
  "racekeyNen": 0,
  "racekeyKai": 1,
  "racekeyNichi": 3,
  "racekeyR": 4,
  "harontaimu": [
    129,
    112,
    118,
    120,
    123,
    126,
    0,
    0,
    0,
    0,
    0,
    0,
    0,
    0,
    0,
    0,
    0,
    0
  ],
  "cornerIchitoriOneCorner": "",
  "cornerIchitoriTwoCorner": "",
  "cornerIchitoriThreeCorner": "2(5,11)-(3,7)-9-1-4-(12,13)6,8-10",
  "cornerIchitoriFourCorner": "(*2,11)5-7-(3,9)-1-4-13-12,8,6,10",
  "paceupIchi": 0,
  "torakkubaiasuOneKaku": "",
  "torakkubaiasuTwoKaku": "",
  "torakkubaiasuKouSei": "",
  "torakkubaiasuThreeKaku": "",
  "torakkubaiasuFourKaku": "",
  "torakkubaiasuChokusen": "",
  "racecomment": ""
}{
  "racekeyBaCode": 8,
  "racekeyNen": 0,
  "racekeyKai": 1,
  "racekeyNichi": 3,
  "racekeyR": 5,
  "harontaimu": [
    127,
    112,
    121,
    120,
    118,
    119,
    118,
    0,
    0,
    0,
    0,
    0,
    0,
    0,
    0,
    0,
    0,
    0
  ],
  "cornerIchitoriOneCorner": "",
  "cornerIchitoriTwoCorner": "",
  "cornerIchitoriThreeCorner": "(*2,8,10)(15,6)(9,13)12,5,14,4(7,1)-3,11",
  "cornerIchitoriFourCorner": "(2,8,10,*15)(9,13,12,6)(5,14)-1,7,11,4,3",
  "paceupIchi": 0,
  "torakkubaiasuOneKaku": "",
  "torakkubaiasuTwoKaku": "",
  "torakkubaiasuKouSei": "",
  "torakkubaiasuThreeKaku": "",
  "torakkubaiasuFourKaku": "",
  "torakkubaiasuChokusen": "",
  "racecomment": ""
}{
  "racekeyBaCode": 8,
  "racekeyNen": 0,
  "racekeyKai": 1,
  "racekeyNichi": 3,
  "racekeyR": 6,
  "harontaimu": [
    123,
    115,
    130,
    135,
    136,
    132,
    126,
    130,
    126,
    0,
    0,
    0,
    0,
    0,
    0,
    0,
    0,
    0
  ],
  "cornerIchitoriOneCorner": "(*5,16)(10,12)(2,8)(3,14)(4,13)(1,15)9,11,6-7",
  "cornerIchitoriTwoCorner": "5,16(2,10,12)(3,8,14)(1,4,13,15)9,11,6-7",
  "cornerIchitoriThreeCorner": "5(16,12)(2,8)(10,14,15)(1,3,4)(13,11)(6,9)7",
  "cornerIchitoriFourCorner": "(*5,12,8)(2,10,16,14,15)(1,4,11)3(6,13,7)-9",
  "paceupIchi": 3,
  "torakkubaiasuOneKaku": "",
  "torakkubaiasuTwoKaku": "",
  "torakkubaiasuKouSei": "",
  "torakkubaiasuThreeKaku": "",
  "torakkubaiasuFourKaku": "",
  "torakkubaiasuChokusen": "",
  "racecomment": ""
}{
  "racekeyBaCode": 8,
  "racekeyNen": 0,
  "racekeyKai": 1,
  "racekeyNichi": 3,
  "racekeyR": 7,
  "harontaimu": [
    127,
    112,
    121,
    122,
    124,
    126,
    0,
    0,
    0,
    0,
    0,
    0,
    0,
    0,
    0,
    0,
    0,
    0
  ],
  "cornerIchitoriOneCorner": "",
  "cornerIchitoriTwoCorner": "",
  "cornerIchitoriThreeCorner": "5,7(4,12)8(2,10,15)(9,11,14)1(3,6,16)-13",
  "cornerIchitoriFourCorner": "5,7(4,12)(8,15)(2,9)(1,10,14)11(3,6)-16,13",
  "paceupIchi": 0,
  "torakkubaiasuOneKaku": "",
  "torakkubaiasuTwoKaku": "",
  "torakkubaiasuKouSei": "",
  "torakkubaiasuThreeKaku": "",
  "torakkubaiasuFourKaku": "",
  "torakkubaiasuChokusen": "",
  "racecomment": ""
}{
  "racekeyBaCode": 8,
  "racekeyNen": 0,
  "racekeyKai": 1,
  "racekeyNichi": 3,
  "racekeyR": 8,
  "harontaimu": [
    0,
    0,
    0,
    0,
    0,
    0,
    0,
    0,
    0,
    0,
    0,
    0,
    0,
    0,
    0,
    0,
    0,
    0
  ],
  "cornerIchitoriOneCorner": "",
  "cornerIchitoriTwoCorner": "10=1=(3,7)-5,6=8-2,11(9,4)",
  "cornerIchitoriThreeCorner": "10-6,5(3,7)1=8-11,2-(9,4)",
  "cornerIchitoriFourCorner": "(*10,6)-5,7-(3,1)-8-(11,2)-9,4",
  "paceupIchi": 0,
  "torakkubaiasuOneKaku": "",
  "torakkubaiasuTwoKaku": "",
  "torakkubaiasuKouSei": "",
  "torakkubaiasuThreeKaku": "",
  "torakkubaiasuFourKaku": "",
  "torakkubaiasuChokusen": "",
  "racecomment": ""
}{
  "racekeyBaCode": 8,
  "racekeyNen": 0,
  "racekeyKai": 1,
  "racekeyNichi": 3,
  "racekeyR": 9,
  "harontaimu": [
    124,
    112,
    128,
    130,
    137,
    128,
    122,
    119,
    115,
    116,
    0,
    0,
    0,
    0,
    0,
    0,
    0,
    0
  ],
  "cornerIchitoriOneCorner": "1-4-9,10,2,11,5,8,3,6=7",
  "cornerIchitoriTwoCorner": "1-4-9,10,2,11,5,8,3,6=7",
  "cornerIchitoriThreeCorner": "1(4,9)10,2(5,11)3(8,6)-7",
  "cornerIchitoriFourCorner": "1(4,9,10)(5,2)(3,11)6-8,7",
  "paceupIchi": 5,
  "torakkubaiasuOneKaku": "",
  "torakkubaiasuTwoKaku": "",
  "torakkubaiasuKouSei": "",
  "torakkubaiasuThreeKaku": "",
  "torakkubaiasuFourKaku": "",
  "torakkubaiasuChokusen": "",
  "racecomment": ""
}{
  "racekeyBaCode": 8,
  "racekeyNen": 0,
  "racekeyKai": 1,
  "racekeyNichi": 3,
  "racekeyR": 10,
  "harontaimu": [
    126,
    113,
    112,
    116,
    115,
    118,
    0,
    0,
    0,
    0,
    0,
    0,
    0,
    0,
    0,
    0,
    0,
    0
  ],
  "cornerIchitoriOneCorner": "",
  "cornerIchitoriTwoCorner": "",
  "cornerIchitoriThreeCorner": "4(9,12)(2,6,15)11(5,8,14)(1,7,13,16)10",
  "cornerIchitoriFourCorner": "(*4,9)(2,12)(6,15)(5,11)14(8,13,16)(1,7)10",
  "paceupIchi": 0,
  "torakkubaiasuOneKaku": "",
  "torakkubaiasuTwoKaku": "",
  "torakkubaiasuKouSei": "",
  "torakkubaiasuThreeKaku": "",
  "torakkubaiasuFourKaku": "",
  "torakkubaiasuChokusen": "",
  "racecomment": ""
}{
  "racekeyBaCode": 8,
  "racekeyNen": 0,
  "racekeyKai": 1,
  "racekeyNichi": 3,
  "racekeyR": 11,
  "harontaimu": [
    122,
    116,
    134,
    134,
    129,
    127,
    121,
    120,
    120,
    0,
    0,
    0,
    0,
    0,
    0,
    0,
    0,
    0
  ],
  "cornerIchitoriOneCorner": "1,4,16,5,7(3,8,13)(2,9,14)(6,11)10,12,15",
  "cornerIchitoriTwoCorner": "1,4,16,5,7(3,8,13)(2,9)14,6,11,10,12,15",
  "cornerIchitoriThreeCorner": "(*1,4)16(5,7)(3,8,13)(9,10)6,14(2,15,11)12",
  "cornerIchitoriFourCorner": "(*1,4)16(5,7)8,3(6,9)10(15,14,13)(2,12,11)",
  "paceupIchi": 5,
  "torakkubaiasuOneKaku": "",
  "torakkubaiasuTwoKaku": "",
  "torakkubaiasuKouSei": "",
  "torakkubaiasuThreeKaku": "",
  "torakkubaiasuFourKaku": "",
  "torakkubaiasuChokusen": "",
  "racecomment": ""
}{
  "racekeyBaCode": 8,
  "racekeyNen": 0,
  "racekeyKai": 1,
  "racekeyNichi": 3,
  "racekeyR": 12,
  "harontaimu": [
    124,
    112,
    117,
    118,
    127,
    126,
    0,
    0,
    0,
    0,
    0,
    0,
    0,
    0,
    0,
    0,
    0,
    0
  ],
  "cornerIchitoriOneCorner": "",
  "cornerIchitoriTwoCorner": "",
  "cornerIchitoriThreeCorner": "(*6,9,10,12)16(2,7,8,11)(1,4)(3,14)5,13-15",
  "cornerIchitoriFourCorner": "(*6,9,10,12)(2,8,11,16)(1,7,4)14,3,5,13,15",
  "paceupIchi": 0,
  "torakkubaiasuOneKaku": "",
  "torakkubaiasuTwoKaku": "",
  "torakkubaiasuKouSei": "",
  "torakkubaiasuThreeKaku": "",
  "torakkubaiasuFourKaku": "",
  "torakkubaiasuChokusen": "",
  "racecomment": ""
}{
  "racekeyBaCode": 6,
  "racekeyNen": 0,
  "racekeyKai": 1,
  "racekeyNichi": 4,
  "racekeyR": 1,
  "harontaimu": [
    124,
    110,
    116,
    122,
    130,
    139,
    0,
    0,
    0,
    0,
    0,
    0,
    0,
    0,
    0,
    0,
    0,
    0
  ],
  "cornerIchitoriOneCorner": "",
  "cornerIchitoriTwoCorner": "",
  "cornerIchitoriThreeCorner": "(6,10,*11)-(5,9)-(3,8)(1,7)(2,4)",
  "cornerIchitoriFourCorner": "(6,*10,11)-(5,9)(3,8)(1,7)(2,4)",
  "paceupIchi": 0,
  "torakkubaiasuOneKaku": "",
  "torakkubaiasuTwoKaku": "",
  "torakkubaiasuKouSei": "",
  "torakkubaiasuThreeKaku": "",
  "torakkubaiasuFourKaku": "",
  "torakkubaiasuChokusen": "",
  "racecomment": ""
}{
  "racekeyBaCode": 6,
  "racekeyNen": 0,
  "racekeyKai": 1,
  "racekeyNichi": 4,
  "racekeyR": 2,
  "harontaimu": [
    123,
    108,
    117,
    127,
    135,
    0,
    0,
    0,
    0,
    0,
    0,
    0,
    0,
    0,
    0,
    0,
    0,
    0
  ],
  "cornerIchitoriOneCorner": "",
  "cornerIchitoriTwoCorner": "",
  "cornerIchitoriThreeCorner": "(*4,8)-2,5,9,6,10(3,11)-1,7",
  "cornerIchitoriFourCorner": "(*4,8)2-5(6,9)-10,3-(1,11)-7",
  "paceupIchi": 0,
  "torakkubaiasuOneKaku": "",
  "torakkubaiasuTwoKaku": "",
  "torakkubaiasuKouSei": "",
  "torakkubaiasuThreeKaku": "",
  "torakkubaiasuFourKaku": "",
  "torakkubaiasuChokusen": "",
  "racecomment": ""
}{
  "racekeyBaCode": 6,
  "racekeyNen": 0,
  "racekeyKai": 1,
  "racekeyNichi": 4,
  "racekeyR": 3,
  "harontaimu": [
    128,
    122,
    130,
    136,
    129,
    130,
    134,
    131,
    137,
    0,
    0,
    0,
    0,
    0,
    0,
    0,
    0,
    0
  ],
  "cornerIchitoriOneCorner": "(5,*6)11(4,12)(3,14)(1,8)(2,10)(7,13)9",
  "cornerIchitoriTwoCorner": "(*5,6)(4,11)(12,14)(3,1,8)(2,10)-(7,13)-9",
  "cornerIchitoriThreeCorner": "(*5,6)11(4,12,14,8)(2,1)7(3,13)(9,10)",
  "cornerIchitoriFourCorner": "(5,*6)(2,4,11,14,1)12(7,8)(3,13)9,10",
  "paceupIchi": 5,
  "torakkubaiasuOneKaku": "",
  "torakkubaiasuTwoKaku": "",
  "torakkubaiasuKouSei": "",
  "torakkubaiasuThreeKaku": "",
  "torakkubaiasuFourKaku": "",
  "torakkubaiasuChokusen": "",
  "racecomment": ""
}{
  "racekeyBaCode": 6,
  "racekeyNen": 0,
  "racekeyKai": 1,
  "racekeyNichi": 4,
  "racekeyR": 4,
  "harontaimu": [
    123,
    111,
    115,
    121,
    128,
    139,
    0,
    0,
    0,
    0,
    0,
    0,
    0,
    0,
    0,
    0,
    0,
    0
  ],
  "cornerIchitoriOneCorner": "",
  "cornerIchitoriTwoCorner": "",
  "cornerIchitoriThreeCorner": "(*7,10)14,11(5,9,15)12-8(1,6,3)-2-13-4",
  "cornerIchitoriFourCorner": "(7,*10,14)-9(5,11,15)-(8,3)-(1,12,6)-2,13=4",
  "paceupIchi": 0,
  "torakkubaiasuOneKaku": "",
  "torakkubaiasuTwoKaku": "",
  "torakkubaiasuKouSei": "",
  "torakkubaiasuThreeKaku": "",
  "torakkubaiasuFourKaku": "",
  "torakkubaiasuChokusen": "",
  "racecomment": ""
}{
  "racekeyBaCode": 6,
  "racekeyNen": 0,
  "racekeyKai": 1,
  "racekeyNichi": 4,
  "racekeyR": 5,
  "harontaimu": [
    127,
    122,
    135,
    136,
    132,
    131,
    125,
    127,
    136,
    0,
    0,
    0,
    0,
    0,
    0,
    0,
    0,
    0
  ],
  "cornerIchitoriOneCorner": "4,12(3,6,13)-11-9(5,10,8)(2,7)1",
  "cornerIchitoriTwoCorner": "(*4,12)(3,13)6-11-(5,9,8)10(2,7,1)",
  "cornerIchitoriThreeCorner": "(4,12,*8)-13,3,6(11,1)5,7,9-2-10",
  "cornerIchitoriFourCorner": "(4,*12)-8-(3,13)-1-11,6,5-7-10,9,2",
  "paceupIchi": 3,
  "torakkubaiasuOneKaku": "",
  "torakkubaiasuTwoKaku": "",
  "torakkubaiasuKouSei": "",
  "torakkubaiasuThreeKaku": "",
  "torakkubaiasuFourKaku": "",
  "torakkubaiasuChokusen": "",
  "racecomment": ""
}{
  "racekeyBaCode": 6,
  "racekeyNen": 0,
  "racekeyKai": 1,
  "racekeyNichi": 4,
  "racekeyR": 6,
  "harontaimu": [
    128,
    119,
    128,
    131,
    122,
    122,
    126,
    133,
    135,
    0,
    0,
    0,
    0,
    0,
    0,
    0,
    0,
    0
  ],
  "cornerIchitoriOneCorner": "13,15,11,10(14,16)(6,7,12)-2(1,8,9)(3,5)-4",
  "cornerIchitoriTwoCorner": "13,15,11,10(6,7,14,16)12-2(8,9)1,3,5,4",
  "cornerIchitoriThreeCorner": "(*13,15,11)(10,7,16)6,12,2(14,1)(9,3)8,4=5",
  "cornerIchitoriFourCorner": "(13,*11)(10,7,16)-6,15(2,12)-(1,3)-(9,4)-8,14=5",
  "paceupIchi": 5,
  "torakkubaiasuOneKaku": "",
  "torakkubaiasuTwoKaku": "",
  "torakkubaiasuKouSei": "",
  "torakkubaiasuThreeKaku": "",
  "torakkubaiasuFourKaku": "",
  "torakkubaiasuChokusen": "",
  "racecomment": ""
}{
  "racekeyBaCode": 6,
  "racekeyNen": 0,
  "racekeyKai": 1,
  "racekeyNichi": 4,
  "racekeyR": 7,
  "harontaimu": [
    122,
    106,
    113,
    123,
    129,
    133,
    0,
    0,
    0,
    0,
    0,
    0,
    0,
    0,
    0,
    0,
    0,
    0
  ],
  "cornerIchitoriOneCorner": "",
  "cornerIchitoriTwoCorner": "",
  "cornerIchitoriThreeCorner": "(6,*10,16)9(1,8,12)5(4,7,13)(11,14,15)2-3",
  "cornerIchitoriFourCorner": "(*6,10)16(1,9)12(5,8)4(7,13)(2,11)(14,15)-3",
  "paceupIchi": 0,
  "torakkubaiasuOneKaku": "",
  "torakkubaiasuTwoKaku": "",
  "torakkubaiasuKouSei": "",
  "torakkubaiasuThreeKaku": "",
  "torakkubaiasuFourKaku": "",
  "torakkubaiasuChokusen": "",
  "racecomment": ""
}{
  "racekeyBaCode": 6,
  "racekeyNen": 0,
  "racekeyKai": 1,
  "racekeyNichi": 4,
  "racekeyR": 8,
  "harontaimu": [
    127,
    122,
    132,
    129,
    123,
    127,
    137,
    131,
    130,
    0,
    0,
    0,
    0,
    0,
    0,
    0,
    0,
    0
  ],
  "cornerIchitoriOneCorner": "16(13,12,15)(8,14)4,5(2,7)(1,6,9)11,10,3",
  "cornerIchitoriTwoCorner": "16(12,15)(13,14)8,4,5,2(6,7)1(9,11)10,3",
  "cornerIchitoriThreeCorner": "(16,*15)-14(12,4)-(8,5)6(2,1,11)(9,10)13(3,7)",
  "cornerIchitoriFourCorner": "(*15,14)(12,4)(16,8,5,6)(1,11,10)-(2,9,3)-7-13",
  "paceupIchi": 5,
  "torakkubaiasuOneKaku": "",
  "torakkubaiasuTwoKaku": "",
  "torakkubaiasuKouSei": "",
  "torakkubaiasuThreeKaku": "",
  "torakkubaiasuFourKaku": "",
  "torakkubaiasuChokusen": "",
  "racecomment": ""
}{
  "racekeyBaCode": 6,
  "racekeyNen": 0,
  "racekeyKai": 1,
  "racekeyNichi": 4,
  "racekeyR": 9,
  "harontaimu": [
    121,
    108,
    114,
    123,
    116,
    117,
    0,
    0,
    0,
    0,
    0,
    0,
    0,
    0,
    0,
    0,
    0,
    0
  ],
  "cornerIchitoriOneCorner": "",
  "cornerIchitoriTwoCorner": "",
  "cornerIchitoriThreeCorner": "(*3,6)11(2,4,1,12,13)(5,9,10)8,7",
  "cornerIchitoriFourCorner": "(*3,6)(4,11)(2,5,1,12,13)(10,8)-7-9",
  "paceupIchi": 0,
  "torakkubaiasuOneKaku": "",
  "torakkubaiasuTwoKaku": "",
  "torakkubaiasuKouSei": "",
  "torakkubaiasuThreeKaku": "",
  "torakkubaiasuFourKaku": "",
  "torakkubaiasuChokusen": "",
  "racecomment": ""
}{
  "racekeyBaCode": 6,
  "racekeyNen": 0,
  "racekeyKai": 1,
  "racekeyNichi": 4,
  "racekeyR": 10,
  "harontaimu": [
    68,
    116,
    126,
    110,
    118,
    127,
    123,
    124,
    122,
    128,
    137,
    137,
    127,
    0,
    0,
    0,
    0,
    0
  ],
  "cornerIchitoriOneCorner": "4=2,6,5,1,3-7,10-8-9",
  "cornerIchitoriTwoCorner": "4=2,6,5(1,3)7,10-8-9",
  "cornerIchitoriThreeCorner": "4=2,5(6,1,3)(10,8)7,9",
  "cornerIchitoriFourCorner": "4=2(6,1,5,3)8(10,9)7",
  "paceupIchi": 1,
  "torakkubaiasuOneKaku": "",
  "torakkubaiasuTwoKaku": "",
  "torakkubaiasuKouSei": "",
  "torakkubaiasuThreeKaku": "",
  "torakkubaiasuFourKaku": "",
  "torakkubaiasuChokusen": "",
  "racecomment": ""
}{
  "racekeyBaCode": 6,
  "racekeyNen": 0,
  "racekeyKai": 1,
  "racekeyNichi": 4,
  "racekeyR": 11,
  "harontaimu": [
    120,
    105,
    107,
    120,
    121,
    129,
    0,
    0,
    0,
    0,
    0,
    0,
    0,
    0,
    0,
    0,
    0,
    0
  ],
  "cornerIchitoriOneCorner": "",
  "cornerIchitoriTwoCorner": "",
  "cornerIchitoriThreeCorner": "4,2,5(14,15)(10,13)-9(3,11)(1,12)(7,8)",
  "cornerIchitoriFourCorner": "4(14,2,5)(10,13,15)-9(1,3,11,8)12,7",
  "paceupIchi": 0,
  "torakkubaiasuOneKaku": "",
  "torakkubaiasuTwoKaku": "",
  "torakkubaiasuKouSei": "",
  "torakkubaiasuThreeKaku": "",
  "torakkubaiasuFourKaku": "",
  "torakkubaiasuChokusen": "",
  "racecomment": ""
}{
  "racekeyBaCode": 6,
  "racekeyNen": 0,
  "racekeyKai": 1,
  "racekeyNichi": 4,
  "racekeyR": 12,
  "harontaimu": [
    127,
    118,
    126,
    130,
    126,
    128,
    125,
    123,
    133,
    0,
    0,
    0,
    0,
    0,
    0,
    0,
    0,
    0
  ],
  "cornerIchitoriOneCorner": "(*10,11)(5,14)1,8,6,13-(4,9,12)(2,3)",
  "cornerIchitoriTwoCorner": "(*10,11)(5,14)1(6,8)-13,4,9(2,12)3",
  "cornerIchitoriThreeCorner": "10(11,14)(5,1)6(8,13,12)4,2,9,3",
  "cornerIchitoriFourCorner": "10-14,5,1(6,11)(4,8,13)(2,12)(9,3)",
  "paceupIchi": 0,
  "torakkubaiasuOneKaku": "",
  "torakkubaiasuTwoKaku": "",
  "torakkubaiasuKouSei": "",
  "torakkubaiasuThreeKaku": "",
  "torakkubaiasuFourKaku": "",
  "torakkubaiasuChokusen": "",
  "racecomment": ""
}{
  "racekeyBaCode": 8,
  "racekeyNen": 0,
  "racekeyKai": 1,
  "racekeyNichi": 4,
  "racekeyR": 1,
  "harontaimu": [
    123,
    119,
    135,
    134,
    134,
    128,
    128,
    128,
    126,
    0,
    0,
    0,
    0,
    0,
    0,
    0,
    0,
    0
  ],
  "cornerIchitoriOneCorner": "7(12,11)(2,3,8)(5,6,9)4,10-1",
  "cornerIchitoriTwoCorner": "7(12,11)2(3,8,9)5,6,4,10-1",
  "cornerIchitoriThreeCorner": "7(12,11)2(3,9)(5,8,10)4,6,1",
  "cornerIchitoriFourCorner": "(7,12,*11)-2-(3,9,10)4(5,8,1)6",
  "paceupIchi": 4,
  "torakkubaiasuOneKaku": "",
  "torakkubaiasuTwoKaku": "",
  "torakkubaiasuKouSei": "",
  "torakkubaiasuThreeKaku": "",
  "torakkubaiasuFourKaku": "",
  "torakkubaiasuChokusen": "",
  "racecomment": ""
}{
  "racekeyBaCode": 8,
  "racekeyNen": 0,
  "racekeyKai": 1,
  "racekeyNichi": 4,
  "racekeyR": 2,
  "harontaimu": [
    129,
    114,
    120,
    125,
    126,
    129,
    0,
    0,
    0,
    0,
    0,
    0,
    0,
    0,
    0,
    0,
    0,
    0
  ],
  "cornerIchitoriOneCorner": "",
  "cornerIchitoriTwoCorner": "",
  "cornerIchitoriThreeCorner": "(*4,6)8(2,11)5-13(3,12,7)-1=9",
  "cornerIchitoriFourCorner": "(*4,6,8)2,11-5(13,12,7)3,1=9",
  "paceupIchi": 0,
  "torakkubaiasuOneKaku": "",
  "torakkubaiasuTwoKaku": "",
  "torakkubaiasuKouSei": "",
  "torakkubaiasuThreeKaku": "",
  "torakkubaiasuFourKaku": "",
  "torakkubaiasuChokusen": "",
  "racecomment": ""
}{
  "racekeyBaCode": 8,
  "racekeyNen": 0,
  "racekeyKai": 1,
  "racekeyNichi": 4,
  "racekeyR": 3,
  "harontaimu": [
    127,
    123,
    139,
    135,
    135,
    130,
    123,
    131,
    130,
    0,
    0,
    0,
    0,
    0,
    0,
    0,
    0,
    0
  ],
  "cornerIchitoriOneCorner": "1,12(6,8,7,10)11-(5,9)-(2,3)-4",
  "cornerIchitoriTwoCorner": "1,12,6(8,7)10,11(5,9)(2,3)-4",
  "cornerIchitoriThreeCorner": "(*1,12)(6,8,7)(11,10)-(5,9,3)2,4",
  "cornerIchitoriFourCorner": "(*1,12)-(6,8)(11,10)3(5,7)(2,4)9",
  "paceupIchi": 4,
  "torakkubaiasuOneKaku": "",
  "torakkubaiasuTwoKaku": "",
  "torakkubaiasuKouSei": "",
  "torakkubaiasuThreeKaku": "",
  "torakkubaiasuFourKaku": "",
  "torakkubaiasuChokusen": "",
  "racecomment": ""
}{
  "racekeyBaCode": 8,
  "racekeyNen": 0,
  "racekeyKai": 1,
  "racekeyNichi": 4,
  "racekeyR": 4,
  "harontaimu": [
    126,
    112,
    122,
    123,
    128,
    128,
    126,
    0,
    0,
    0,
    0,
    0,
    0,
    0,
    0,
    0,
    0,
    0
  ],
  "cornerIchitoriOneCorner": "",
  "cornerIchitoriTwoCorner": "",
  "cornerIchitoriThreeCorner": "3(6,12,13)-11,4-10(5,8)9-7-14-1-2",
  "cornerIchitoriFourCorner": "(*3,13)-6(4,11)12,8-10,9=5-7(14,1)-2",
  "paceupIchi": 0,
  "torakkubaiasuOneKaku": "",
  "torakkubaiasuTwoKaku": "",
  "torakkubaiasuKouSei": "",
  "torakkubaiasuThreeKaku": "",
  "torakkubaiasuFourKaku": "",
  "torakkubaiasuChokusen": "",
  "racecomment": ""
}{
  "racekeyBaCode": 8,
  "racekeyNen": 0,
  "racekeyKai": 1,
  "racekeyNichi": 4,
  "racekeyR": 5,
  "harontaimu": [
    0,
    0,
    0,
    0,
    0,
    0,
    0,
    0,
    0,
    0,
    0,
    0,
    0,
    0,
    0,
    0,
    0,
    0
  ],
  "cornerIchitoriOneCorner": "",
  "cornerIchitoriTwoCorner": "(11,*1)=14-(9,8)-10,13,2-5-4-(12,3)",
  "cornerIchitoriThreeCorner": "(*11,1)=14-8=10,9,2=13=5-12-3,4",
  "cornerIchitoriFourCorner": "1-11=8-14=10-2,9=13=(5,12)=3,4",
  "paceupIchi": 0,
  "torakkubaiasuOneKaku": "",
  "torakkubaiasuTwoKaku": "",
  "torakkubaiasuKouSei": "",
  "torakkubaiasuThreeKaku": "",
  "torakkubaiasuFourKaku": "",
  "torakkubaiasuChokusen": "",
  "racecomment": ""
}{
  "racekeyBaCode": 8,
  "racekeyNen": 0,
  "racekeyKai": 1,
  "racekeyNichi": 4,
  "racekeyR": 6,
  "harontaimu": [
    130,
    125,
    135,
    130,
    135,
    130,
    125,
    122,
    123,
    0,
    0,
    0,
    0,
    0,
    0,
    0,
    0,
    0
  ],
  "cornerIchitoriOneCorner": "5,4(1,2)(7,9)(3,6,8)",
  "cornerIchitoriTwoCorner": "5,4(1,2)(7,9)(3,6)8",
  "cornerIchitoriThreeCorner": "5(4,7)(1,2,9)6(3,8)",
  "cornerIchitoriFourCorner": "(*5,4,7)(1,2,9)(3,6,8)",
  "paceupIchi": 6,
  "torakkubaiasuOneKaku": "",
  "torakkubaiasuTwoKaku": "",
  "torakkubaiasuKouSei": "",
  "torakkubaiasuThreeKaku": "",
  "torakkubaiasuFourKaku": "",
  "torakkubaiasuChokusen": "",
  "racecomment": ""
}{
  "racekeyBaCode": 8,
  "racekeyNen": 0,
  "racekeyKai": 1,
  "racekeyNichi": 4,
  "racekeyR": 7,
  "harontaimu": [
    125,
    114,
    137,
    135,
    132,
    131,
    129,
    125,
    123,
    0,
    0,
    0,
    0,
    0,
    0,
    0,
    0,
    0
  ],
  "cornerIchitoriOneCorner": "(*2,5)14(3,7,10)1(4,11)12(6,13)(8,15,16)=9",
  "cornerIchitoriTwoCorner": "2,5,14(3,7,10)1,11(4,12)(6,13)(15,16)8=9",
  "cornerIchitoriThreeCorner": "(*2,5)14(3,7)10(1,11)(4,12)(6,13,16)15-(8,9)",
  "cornerIchitoriFourCorner": "(*2,5)14,7(3,10)(11,16)(1,4,12,13)15(6,9)-8",
  "paceupIchi": 0,
  "torakkubaiasuOneKaku": "",
  "torakkubaiasuTwoKaku": "",
  "torakkubaiasuKouSei": "",
  "torakkubaiasuThreeKaku": "",
  "torakkubaiasuFourKaku": "",
  "torakkubaiasuChokusen": "",
  "racecomment": ""
}{
  "racekeyBaCode": 8,
  "racekeyNen": 0,
  "racekeyKai": 1,
  "racekeyNichi": 4,
  "racekeyR": 8,
  "harontaimu": [
    125,
    110,
    118,
    124,
    125,
    128,
    0,
    0,
    0,
    0,
    0,
    0,
    0,
    0,
    0,
    0,
    0,
    0
  ],
  "cornerIchitoriOneCorner": "",
  "cornerIchitoriTwoCorner": "",
  "cornerIchitoriThreeCorner": "1(7,9)(2,8,14)13(5,12)(6,15)(4,11)16-(3,10)",
  "cornerIchitoriFourCorner": "1(7,9,14)(2,8)13(5,6,12)16(4,15)11-(3,10)",
  "paceupIchi": 0,
  "torakkubaiasuOneKaku": "",
  "torakkubaiasuTwoKaku": "",
  "torakkubaiasuKouSei": "",
  "torakkubaiasuThreeKaku": "",
  "torakkubaiasuFourKaku": "",
  "torakkubaiasuChokusen": "",
  "racecomment": ""
}{
  "racekeyBaCode": 8,
  "racekeyNen": 0,
  "racekeyKai": 1,
  "racekeyNichi": 4,
  "racekeyR": 9,
  "harontaimu": [
    124,
    118,
    119,
    123,
    120,
    122,
    115,
    118,
    118,
    0,
    0,
    0,
    0,
    0,
    0,
    0,
    0,
    0
  ],
  "cornerIchitoriOneCorner": "",
  "cornerIchitoriTwoCorner": "",
  "cornerIchitoriThreeCorner": "7,6(3,10)(1,15)16(4,11,12)(2,13)(8,5,9)-14",
  "cornerIchitoriFourCorner": "(*7,6)(10,15)(3,1,16)(4,13)(2,11)(8,12)(5,9)14",
  "paceupIchi": 3,
  "torakkubaiasuOneKaku": "",
  "torakkubaiasuTwoKaku": "",
  "torakkubaiasuKouSei": "",
  "torakkubaiasuThreeKaku": "",
  "torakkubaiasuFourKaku": "",
  "torakkubaiasuChokusen": "",
  "racecomment": ""
}{
  "racekeyBaCode": 8,
  "racekeyNen": 0,
  "racekeyKai": 1,
  "racekeyNichi": 4,
  "racekeyR": 10,
  "harontaimu": [
    138,
    127,
    130,
    138,
    132,
    130,
    137,
    138,
    137,
    135,
    127,
    118,
    113,
    115,
    118,
    0,
    0,
    0
  ],
  "cornerIchitoriOneCorner": "9,2=6,10-7,8-5,3-1-4",
  "cornerIchitoriTwoCorner": "9,2=6,10-7,8,5,3,1,4",
  "cornerIchitoriThreeCorner": "9,2-(6,10)-5,7,3(1,8)-4",
  "cornerIchitoriFourCorner": "9,2(6,10)3,5(1,7,8)-4",
  "paceupIchi": 5,
  "torakkubaiasuOneKaku": "",
  "torakkubaiasuTwoKaku": "",
  "torakkubaiasuKouSei": "",
  "torakkubaiasuThreeKaku": "",
  "torakkubaiasuFourKaku": "",
  "torakkubaiasuChokusen": "",
  "racecomment": ""
}{
  "racekeyBaCode": 8,
  "racekeyNen": 0,
  "racekeyKai": 1,
  "racekeyNichi": 4,
  "racekeyR": 11,
  "harontaimu": [
    126,
    113,
    121,
    119,
    120,
    116,
    119,
    120,
    0,
    0,
    0,
    0,
    0,
    0,
    0,
    0,
    0,
    0
  ],
  "cornerIchitoriOneCorner": "",
  "cornerIchitoriTwoCorner": "",
  "cornerIchitoriThreeCorner": "(5,*13)-(1,14,15)(3,10)(2,7)(8,11)9(6,12)4",
  "cornerIchitoriFourCorner": "(5,*13)(1,14,15,7)(2,3,10,11)8(4,6,9,12)",
  "paceupIchi": 0,
  "torakkubaiasuOneKaku": "",
  "torakkubaiasuTwoKaku": "",
  "torakkubaiasuKouSei": "",
  "torakkubaiasuThreeKaku": "",
  "torakkubaiasuFourKaku": "",
  "torakkubaiasuChokusen": "",
  "racecomment": ""
}{
  "racekeyBaCode": 8,
  "racekeyNen": 0,
  "racekeyKai": 1,
  "racekeyNichi": 4,
  "racekeyR": 12,
  "harontaimu": [
    123,
    115,
    121,
    122,
    124,
    125,
    127,
    0,
    0,
    0,
    0,
    0,
    0,
    0,
    0,
    0,
    0,
    0
  ],
  "cornerIchitoriOneCorner": "",
  "cornerIchitoriTwoCorner": "",
  "cornerIchitoriThreeCorner": "16(15,10)(1,7,14)(2,11)(6,8,13)(3,9,12)4-5",
  "cornerIchitoriFourCorner": "16(15,10)(1,7,14,11)(2,6)8(3,4,13)(9,12)5",
  "paceupIchi": 0,
  "torakkubaiasuOneKaku": "",
  "torakkubaiasuTwoKaku": "",
  "torakkubaiasuKouSei": "",
  "torakkubaiasuThreeKaku": "",
  "torakkubaiasuFourKaku": "",
  "torakkubaiasuChokusen": "",
  "racecomment": ""
}{
  "racekeyBaCode": 6,
  "racekeyNen": 0,
  "racekeyKai": 1,
  "racekeyNichi": 5,
  "racekeyR": 1,
  "harontaimu": [
    127,
    117,
    131,
    131,
    128,
    127,
    133,
    133,
    135,
    0,
    0,
    0,
    0,
    0,
    0,
    0,
    0,
    0
  ],
  "cornerIchitoriOneCorner": "2(16,7,12)(4,15)8(1,6)10(11,9)(3,13)-5-14",
  "cornerIchitoriTwoCorner": "2(16,12)7,15,4,8(1,6)(3,11,10,9)-13-5=14",
  "cornerIchitoriThreeCorner": "2,12(16,7,15)(4,8)(11,6,9)-10(3,13)=(5,14)",
  "cornerIchitoriFourCorner": "2,12,15(7,8)(4,9)(11,6)16,3,10-13=(5,14)",
  "paceupIchi": 0,
  "torakkubaiasuOneKaku": "",
  "torakkubaiasuTwoKaku": "",
  "torakkubaiasuKouSei": "",
  "torakkubaiasuThreeKaku": "",
  "torakkubaiasuFourKaku": "",
  "torakkubaiasuChokusen": "",
  "racecomment": ""
}{
  "racekeyBaCode": 6,
  "racekeyNen": 0,
  "racekeyKai": 1,
  "racekeyNichi": 5,
  "racekeyR": 2,
  "harontaimu": [
    123,
    110,
    116,
    122,
    128,
    0,
    0,
    0,
    0,
    0,
    0,
    0,
    0,
    0,
    0,
    0,
    0,
    0
  ],
  "cornerIchitoriOneCorner": "",
  "cornerIchitoriTwoCorner": "",
  "cornerIchitoriThreeCorner": "(*8,11)(7,9)1(3,4)(5,6)-10,2",
  "cornerIchitoriFourCorner": "8(7,11,9)1-3-(5,6,4)10-2",
  "paceupIchi": 0,
  "torakkubaiasuOneKaku": "",
  "torakkubaiasuTwoKaku": "",
  "torakkubaiasuKouSei": "",
  "torakkubaiasuThreeKaku": "",
  "torakkubaiasuFourKaku": "",
  "torakkubaiasuChokusen": "",
  "racecomment": ""
}{
  "racekeyBaCode": 6,
  "racekeyNen": 0,
  "racekeyKai": 1,
  "racekeyNichi": 5,
  "racekeyR": 3,
  "harontaimu": [
    124,
    106,
    112,
    121,
    128,
    134,
    0,
    0,
    0,
    0,
    0,
    0,
    0,
    0,
    0,
    0,
    0,
    0
  ],
  "cornerIchitoriOneCorner": "",
  "cornerIchitoriTwoCorner": "",
  "cornerIchitoriThreeCorner": "(*1,3)14(12,13)(2,8,11)6(7,9,10)4,5",
  "cornerIchitoriFourCorner": "(*1,3)(12,13)(2,14)8,11(7,6,10)(5,9,4)",
  "paceupIchi": 0,
  "torakkubaiasuOneKaku": "",
  "torakkubaiasuTwoKaku": "",
  "torakkubaiasuKouSei": "",
  "torakkubaiasuThreeKaku": "",
  "torakkubaiasuFourKaku": "",
  "torakkubaiasuChokusen": "",
  "racecomment": ""
}{
  "racekeyBaCode": 6,
  "racekeyNen": 0,
  "racekeyKai": 1,
  "racekeyNichi": 5,
  "racekeyR": 4,
  "harontaimu": [
    123,
    112,
    117,
    120,
    127,
    0,
    0,
    0,
    0,
    0,
    0,
    0,
    0,
    0,
    0,
    0,
    0,
    0
  ],
  "cornerIchitoriOneCorner": "",
  "cornerIchitoriTwoCorner": "",
  "cornerIchitoriThreeCorner": "1(5,8)(2,6,9)(4,7,10)-3",
  "cornerIchitoriFourCorner": "(*1,5)8-2,6(7,9)4-10,3",
  "paceupIchi": 0,
  "torakkubaiasuOneKaku": "",
  "torakkubaiasuTwoKaku": "",
  "torakkubaiasuKouSei": "",
  "torakkubaiasuThreeKaku": "",
  "torakkubaiasuFourKaku": "",
  "torakkubaiasuChokusen": "",
  "racecomment": ""
}{
  "racekeyBaCode": 6,
  "racekeyNen": 0,
  "racekeyKai": 1,
  "racekeyNichi": 5,
  "racekeyR": 5,
  "harontaimu": [
    132,
    121,
    132,
    133,
    129,
    125,
    131,
    127,
    131,
    0,
    0,
    0,
    0,
    0,
    0,
    0,
    0,
    0
  ],
  "cornerIchitoriOneCorner": "(*5,6)(1,2,8,10)(4,9)-7-3",
  "cornerIchitoriTwoCorner": "(*5,6)(1,2,10)-8(4,9)7-3",
  "cornerIchitoriThreeCorner": "(*5,6)(1,10)-(8,2,9)(4,3)7",
  "cornerIchitoriFourCorner": "(*5,6)(1,10)-8(2,9)3,4-7",
  "paceupIchi": 0,
  "torakkubaiasuOneKaku": "",
  "torakkubaiasuTwoKaku": "",
  "torakkubaiasuKouSei": "",
  "torakkubaiasuThreeKaku": "",
  "torakkubaiasuFourKaku": "",
  "torakkubaiasuChokusen": "",
  "racecomment": ""
}{
  "racekeyBaCode": 6,
  "racekeyNen": 0,
  "racekeyKai": 1,
  "racekeyNichi": 5,
  "racekeyR": 6,
  "harontaimu": [
    127,
    115,
    134,
    132,
    129,
    119,
    125,
    130,
    136,
    0,
    0,
    0,
    0,
    0,
    0,
    0,
    0,
    0
  ],
  "cornerIchitoriOneCorner": "16,10(4,6,11,13)(3,5,9,14)(1,12)8,7,2",
  "cornerIchitoriTwoCorner": "16-(10,13)(4,6,11)14(5,9)(3,12)1,8(7,2)",
  "cornerIchitoriThreeCorner": "16(12,2)(10,4)6(5,11)(3,8,9,14)-1=(13,7)",
  "cornerIchitoriFourCorner": "16(12,2)-(10,4)(5,6,11)(8,9)(3,1)-14=(13,7)",
  "paceupIchi": 4,
  "torakkubaiasuOneKaku": "",
  "torakkubaiasuTwoKaku": "",
  "torakkubaiasuKouSei": "",
  "torakkubaiasuThreeKaku": "",
  "torakkubaiasuFourKaku": "",
  "torakkubaiasuChokusen": "",
  "racecomment": ""
}{
  "racekeyBaCode": 6,
  "racekeyNen": 0,
  "racekeyKai": 1,
  "racekeyNichi": 5,
  "racekeyR": 7,
  "harontaimu": [
    131,
    116,
    129,
    126,
    132,
    139,
    134,
    124,
    124,
    127,
    131,
    136,
    0,
    0,
    0,
    0,
    0,
    0
  ],
  "cornerIchitoriOneCorner": "1-(11,12)(7,13,15)(5,8,3,14)(9,6,10)2=4",
  "cornerIchitoriTwoCorner": "1,11,12(7,13,15)(5,3,14)8(9,6,10)2=4",
  "cornerIchitoriThreeCorner": "1(11,12)(7,5,13,15)(3,14)-9,8,10,2(4,6)",
  "cornerIchitoriFourCorner": "1(11,12)-(7,15,3)(5,13)14,9=(8,4)6-(2,10)",
  "paceupIchi": 6,
  "torakkubaiasuOneKaku": "",
  "torakkubaiasuTwoKaku": "",
  "torakkubaiasuKouSei": "",
  "torakkubaiasuThreeKaku": "",
  "torakkubaiasuFourKaku": "",
  "torakkubaiasuChokusen": "",
  "racecomment": ""
}{
  "racekeyBaCode": 6,
  "racekeyNen": 0,
  "racekeyKai": 1,
  "racekeyNichi": 5,
  "racekeyR": 8,
  "harontaimu": [
    0,
    0,
    0,
    0,
    0,
    0,
    0,
    0,
    0,
    0,
    0,
    0,
    0,
    0,
    0,
    0,
    0,
    0
  ],
  "cornerIchitoriOneCorner": "",
  "cornerIchitoriTwoCorner": "(7,5,*2)(11,8)9(10,4)-6",
  "cornerIchitoriThreeCorner": "5,2-11-(9,8)10,4,6,7",
  "cornerIchitoriFourCorner": "5,2=11,9-8(4,10)-6=7",
  "paceupIchi": 0,
  "torakkubaiasuOneKaku": "",
  "torakkubaiasuTwoKaku": "",
  "torakkubaiasuKouSei": "",
  "torakkubaiasuThreeKaku": "",
  "torakkubaiasuFourKaku": "",
  "torakkubaiasuChokusen": "",
  "racecomment": ""
}{
  "racekeyBaCode": 6,
  "racekeyNen": 0,
  "racekeyKai": 1,
  "racekeyNichi": 5,
  "racekeyR": 9,
  "harontaimu": [
    125,
    114,
    135,
    141,
    125,
    119,
    122,
    126,
    133,
    0,
    0,
    0,
    0,
    0,
    0,
    0,
    0,
    0
  ],
  "cornerIchitoriOneCorner": "9(5,10)(7,8,12)11,4-(3,6)-2-1",
  "cornerIchitoriTwoCorner": "(*9,10)(5,12)(7,8,11)(3,4,6)-(1,2)",
  "cornerIchitoriThreeCorner": "(*9,12)(10,11)-(5,7,4)-(8,6)(1,2)-3",
  "cornerIchitoriFourCorner": "(9,*12,11)=(5,7,10,4)-8(1,6,2)-3",
  "paceupIchi": 5,
  "torakkubaiasuOneKaku": "",
  "torakkubaiasuTwoKaku": "",
  "torakkubaiasuKouSei": "",
  "torakkubaiasuThreeKaku": "",
  "torakkubaiasuFourKaku": "",
  "torakkubaiasuChokusen": "",
  "racecomment": ""
}{
  "racekeyBaCode": 6,
  "racekeyNen": 0,
  "racekeyKai": 1,
  "racekeyNichi": 5,
  "racekeyR": 10,
  "harontaimu": [
    131,
    127,
    134,
    128,
    136,
    126,
    121,
    118,
    116,
    115,
    122,
    0,
    0,
    0,
    0,
    0,
    0,
    0
  ],
  "cornerIchitoriOneCorner": "6-4,1,9,13(2,3)(11,14)-(10,12)8,7",
  "cornerIchitoriTwoCorner": "6-4(1,9,13)2(3,11,14)-(10,12)8,7",
  "cornerIchitoriThreeCorner": "6,4(1,9,13)2(8,3,11)10,14,7,12",
  "cornerIchitoriFourCorner": "(*6,4)(1,13)2(8,9,11)(10,3)(12,14,7)",
  "paceupIchi": 6,
  "torakkubaiasuOneKaku": "",
  "torakkubaiasuTwoKaku": "",
  "torakkubaiasuKouSei": "",
  "torakkubaiasuThreeKaku": "",
  "torakkubaiasuFourKaku": "",
  "torakkubaiasuChokusen": "",
  "racecomment": ""
}{
  "racekeyBaCode": 6,
  "racekeyNen": 0,
  "racekeyKai": 1,
  "racekeyNichi": 5,
  "racekeyR": 11,
  "harontaimu": [
    120,
    105,
    111,
    119,
    118,
    129,
    0,
    0,
    0,
    0,
    0,
    0,
    0,
    0,
    0,
    0,
    0,
    0
  ],
  "cornerIchitoriOneCorner": "",
  "cornerIchitoriTwoCorner": "",
  "cornerIchitoriThreeCorner": "(*11,16)(1,15)(7,10,8)(2,4,3,13)14(5,6)9,12",
  "cornerIchitoriFourCorner": "(*11,16)(1,15)(2,10,8)(13,14)(7,4)(5,6)(3,9)=12",
  "paceupIchi": 0,
  "torakkubaiasuOneKaku": "",
  "torakkubaiasuTwoKaku": "",
  "torakkubaiasuKouSei": "",
  "torakkubaiasuThreeKaku": "",
  "torakkubaiasuFourKaku": "",
  "torakkubaiasuChokusen": "",
  "racecomment": ""
}{
  "racekeyBaCode": 6,
  "racekeyNen": 0,
  "racekeyKai": 1,
  "racekeyNichi": 5,
  "racekeyR": 12,
  "harontaimu": [
    122,
    104,
    112,
    122,
    126,
    131,
    0,
    0,
    0,
    0,
    0,
    0,
    0,
    0,
    0,
    0,
    0,
    0
  ],
  "cornerIchitoriOneCorner": "",
  "cornerIchitoriTwoCorner": "",
  "cornerIchitoriThreeCorner": "11(13,15)10(2,8,12,14)-9(6,7)3(5,16)(1,4)",
  "cornerIchitoriFourCorner": "11(13,15,10)(2,8,12,14)-(6,9)7(3,16)5,1,4",
  "paceupIchi": 0,
  "torakkubaiasuOneKaku": "",
  "torakkubaiasuTwoKaku": "",
  "torakkubaiasuKouSei": "",
  "torakkubaiasuThreeKaku": "",
  "torakkubaiasuFourKaku": "",
  "torakkubaiasuChokusen": "",
  "racecomment": ""
}{
  "racekeyBaCode": 8,
  "racekeyNen": 0,
  "racekeyKai": 1,
  "racekeyNichi": 5,
  "racekeyR": 1,
  "harontaimu": [
    125,
    117,
    128,
    133,
    133,
    127,
    123,
    124,
    128,
    0,
    0,
    0,
    0,
    0,
    0,
    0,
    0,
    0
  ],
  "cornerIchitoriOneCorner": "9(3,12)14,2(10,13)(1,8,11)4,7,6,5",
  "cornerIchitoriTwoCorner": "9-(3,12)14,2(10,13,8,11)1,4-7-(5,6)",
  "cornerIchitoriThreeCorner": "(*9,3)12(10,14,11)-(2,13)4,8(1,7)-6-5",
  "cornerIchitoriFourCorner": "(*9,3)12-(10,13,14,11)-2-4,1-8,7,6-5",
  "paceupIchi": 4,
  "torakkubaiasuOneKaku": "",
  "torakkubaiasuTwoKaku": "",
  "torakkubaiasuKouSei": "",
  "torakkubaiasuThreeKaku": "",
  "torakkubaiasuFourKaku": "",
  "torakkubaiasuChokusen": "",
  "racecomment": ""
}{
  "racekeyBaCode": 8,
  "racekeyNen": 0,
  "racekeyKai": 1,
  "racekeyNichi": 5,
  "racekeyR": 2,
  "harontaimu": [
    127,
    113,
    117,
    122,
    126,
    130,
    125,
    0,
    0,
    0,
    0,
    0,
    0,
    0,
    0,
    0,
    0,
    0
  ],
  "cornerIchitoriOneCorner": "",
  "cornerIchitoriTwoCorner": "",
  "cornerIchitoriThreeCorner": "(*6,9)12(8,15)(4,11)(7,14)(13,3,10)-(2,1)-5",
  "cornerIchitoriFourCorner": "(*6,9)12(8,15)-11(4,10)(13,7,14)3,1-(2,5)",
  "paceupIchi": 0,
  "torakkubaiasuOneKaku": "",
  "torakkubaiasuTwoKaku": "",
  "torakkubaiasuKouSei": "",
  "torakkubaiasuThreeKaku": "",
  "torakkubaiasuFourKaku": "",
  "torakkubaiasuChokusen": "",
  "racecomment": ""
}{
  "racekeyBaCode": 8,
  "racekeyNen": 0,
  "racekeyKai": 1,
  "racekeyNichi": 5,
  "racekeyR": 3,
  "harontaimu": [
    128,
    110,
    117,
    123,
    130,
    129,
    0,
    0,
    0,
    0,
    0,
    0,
    0,
    0,
    0,
    0,
    0,
    0
  ],
  "cornerIchitoriOneCorner": "",
  "cornerIchitoriTwoCorner": "",
  "cornerIchitoriThreeCorner": "(*1,12)-(5,11,7,9)8,6(3,10)-(2,4)",
  "cornerIchitoriFourCorner": "(*1,12)-(7,9)-5(6,8,4)(2,11,3)10",
  "paceupIchi": 0,
  "torakkubaiasuOneKaku": "",
  "torakkubaiasuTwoKaku": "",
  "torakkubaiasuKouSei": "",
  "torakkubaiasuThreeKaku": "",
  "torakkubaiasuFourKaku": "",
  "torakkubaiasuChokusen": "",
  "racecomment": ""
}{
  "racekeyBaCode": 8,
  "racekeyNen": 0,
  "racekeyKai": 1,
  "racekeyNichi": 5,
  "racekeyR": 4,
  "harontaimu": [
    120,
    122,
    132,
    127,
    129,
    124,
    130,
    127,
    125,
    0,
    0,
    0,
    0,
    0,
    0,
    0,
    0,
    0
  ],
  "cornerIchitoriOneCorner": "(1,12,*9)(2,10)(5,7)(3,8)(4,6)11",
  "cornerIchitoriTwoCorner": "1(2,9)(12,10)(5,7)(3,8)(6,11)-4",
  "cornerIchitoriThreeCorner": "(2,*7)10(9,5)(1,12,3)8,6,4,11",
  "cornerIchitoriFourCorner": "(2,*7)10-(9,5)3(1,12)6-4-(11,8)",
  "paceupIchi": 6,
  "torakkubaiasuOneKaku": "",
  "torakkubaiasuTwoKaku": "",
  "torakkubaiasuKouSei": "",
  "torakkubaiasuThreeKaku": "",
  "torakkubaiasuFourKaku": "",
  "torakkubaiasuChokusen": "",
  "racecomment": ""
}{
  "racekeyBaCode": 8,
  "racekeyNen": 0,
  "racekeyKai": 1,
  "racekeyNichi": 5,
  "racekeyR": 5,
  "harontaimu": [
    0,
    0,
    0,
    0,
    0,
    0,
    0,
    0,
    0,
    0,
    0,
    0,
    0,
    0,
    0,
    0,
    0,
    0
  ],
  "cornerIchitoriOneCorner": "",
  "cornerIchitoriTwoCorner": "1,3,2,6,12(10,4,8)-(9,5)-7=13=14",
  "cornerIchitoriThreeCorner": "1,3(6,12)4-10-2,8(7,5)=9=13=14",
  "cornerIchitoriFourCorner": "1,3,12-6-10,4-(8,2)(7,5)=9=13=14",
  "paceupIchi": 0,
  "torakkubaiasuOneKaku": "",
  "torakkubaiasuTwoKaku": "",
  "torakkubaiasuKouSei": "",
  "torakkubaiasuThreeKaku": "",
  "torakkubaiasuFourKaku": "",
  "torakkubaiasuChokusen": "",
  "racecomment": ""
}{
  "racekeyBaCode": 8,
  "racekeyNen": 0,
  "racekeyKai": 1,
  "racekeyNichi": 5,
  "racekeyR": 6,
  "harontaimu": [
    124,
    114,
    126,
    127,
    127,
    126,
    126,
    127,
    129,
    0,
    0,
    0,
    0,
    0,
    0,
    0,
    0,
    0
  ],
  "cornerIchitoriOneCorner": "9,4(3,14)(6,15)(1,8,16)-(2,10,12)5(11,13)7",
  "cornerIchitoriTwoCorner": "9(4,14)(3,6,15)(1,8,16)(2,10,12)5(11,13)7",
  "cornerIchitoriThreeCorner": "(*9,4,14)(3,6,15)(1,8,16)5(2,12)(7,10,11,13)",
  "cornerIchitoriFourCorner": "(9,*14,15)6(4,1,16,5)3(7,8,12,11)(2,10)13",
  "paceupIchi": 0,
  "torakkubaiasuOneKaku": "",
  "torakkubaiasuTwoKaku": "",
  "torakkubaiasuKouSei": "",
  "torakkubaiasuThreeKaku": "",
  "torakkubaiasuFourKaku": "",
  "torakkubaiasuChokusen": "",
  "racecomment": ""
}{
  "racekeyBaCode": 8,
  "racekeyNen": 0,
  "racekeyKai": 1,
  "racekeyNichi": 5,
  "racekeyR": 7,
  "harontaimu": [
    124,
    109,
    118,
    123,
    123,
    126,
    125,
    0,
    0,
    0,
    0,
    0,
    0,
    0,
    0,
    0,
    0,
    0
  ],
  "cornerIchitoriOneCorner": "",
  "cornerIchitoriTwoCorner": "",
  "cornerIchitoriThreeCorner": "7,10(4,6,16,9,14)(5,8)15,2(3,12)11,1,13",
  "cornerIchitoriFourCorner": "(7,*10,9,14)(6,15)(4,8)(5,16)(3,2,11)12,1,13",
  "paceupIchi": 0,
  "torakkubaiasuOneKaku": "",
  "torakkubaiasuTwoKaku": "",
  "torakkubaiasuKouSei": "",
  "torakkubaiasuThreeKaku": "",
  "torakkubaiasuFourKaku": "",
  "torakkubaiasuChokusen": "",
  "racecomment": ""
}{
  "racekeyBaCode": 8,
  "racekeyNen": 0,
  "racekeyKai": 1,
  "racekeyNichi": 5,
  "racekeyR": 8,
  "harontaimu": [
    127,
    114,
    121,
    124,
    121,
    120,
    119,
    0,
    0,
    0,
    0,
    0,
    0,
    0,
    0,
    0,
    0,
    0
  ],
  "cornerIchitoriOneCorner": "",
  "cornerIchitoriTwoCorner": "",
  "cornerIchitoriThreeCorner": "(*1,5,6)(3,8,10)(4,7,11)(2,9)",
  "cornerIchitoriFourCorner": "1(5,6)(3,8,10)(2,4,7,11)9",
  "paceupIchi": 0,
  "torakkubaiasuOneKaku": "",
  "torakkubaiasuTwoKaku": "",
  "torakkubaiasuKouSei": "",
  "torakkubaiasuThreeKaku": "",
  "torakkubaiasuFourKaku": "",
  "torakkubaiasuChokusen": "",
  "racecomment": ""
}{
  "racekeyBaCode": 8,
  "racekeyNen": 0,
  "racekeyKai": 1,
  "racekeyNichi": 5,
  "racekeyR": 9,
  "harontaimu": [
    124,
    115,
    126,
    123,
    127,
    124,
    118,
    118,
    117,
    117,
    0,
    0,
    0,
    0,
    0,
    0,
    0,
    0
  ],
  "cornerIchitoriOneCorner": "8,3,7(1,6)5,11(2,13)9,12,4-10",
  "cornerIchitoriTwoCorner": "8,3,7(1,6)5,11,2,13(9,12)-4-10",
  "cornerIchitoriThreeCorner": "(*8,3)-7(1,6)(5,13)(2,12)(9,4)-10-11",
  "cornerIchitoriFourCorner": "(8,*3)-(1,7)(5,6,13)(2,12,4)9,10",
  "paceupIchi": 4,
  "torakkubaiasuOneKaku": "",
  "torakkubaiasuTwoKaku": "",
  "torakkubaiasuKouSei": "",
  "torakkubaiasuThreeKaku": "",
  "torakkubaiasuFourKaku": "",
  "torakkubaiasuChokusen": "",
  "racecomment": ""
}{
  "racekeyBaCode": 8,
  "racekeyNen": 0,
  "racekeyKai": 1,
  "racekeyNichi": 5,
  "racekeyR": 10,
  "harontaimu": [
    122,
    107,
    115,
    118,
    117,
    121,
    121,
    0,
    0,
    0,
    0,
    0,
    0,
    0,
    0,
    0,
    0,
    0
  ],
  "cornerIchitoriOneCorner": "",
  "cornerIchitoriTwoCorner": "",
  "cornerIchitoriThreeCorner": "7(10,11)1(8,12,13,15)(2,9)(3,14)4-6-5",
  "cornerIchitoriFourCorner": "(*7,10)(1,11)(8,15)(12,13)(2,9)(3,14)4-6-5",
  "paceupIchi": 0,
  "torakkubaiasuOneKaku": "",
  "torakkubaiasuTwoKaku": "",
  "torakkubaiasuKouSei": "",
  "torakkubaiasuThreeKaku": "",
  "torakkubaiasuFourKaku": "",
  "torakkubaiasuChokusen": "",
  "racecomment": ""
}{
  "racekeyBaCode": 8,
  "racekeyNen": 0,
  "racekeyKai": 1,
  "racekeyNichi": 5,
  "racekeyR": 11,
  "harontaimu": [
    122,
    104,
    109,
    113,
    120,
    116,
    0,
    0,
    0,
    0,
    0,
    0,
    0,
    0,
    0,
    0,
    0,
    0
  ],
  "cornerIchitoriOneCorner": "",
  "cornerIchitoriTwoCorner": "",
  "cornerIchitoriThreeCorner": "5(1,12)2-7,4,10(3,8)(9,11)6",
  "cornerIchitoriFourCorner": "(*5,12)(1,2,7)(4,3,10)(8,9,11)6",
  "paceupIchi": 0,
  "torakkubaiasuOneKaku": "",
  "torakkubaiasuTwoKaku": "",
  "torakkubaiasuKouSei": "",
  "torakkubaiasuThreeKaku": "",
  "torakkubaiasuFourKaku": "",
  "torakkubaiasuChokusen": "",
  "racecomment": ""
}{
  "racekeyBaCode": 8,
  "racekeyNen": 0,
  "racekeyKai": 1,
  "racekeyNichi": 5,
  "racekeyR": 12,
  "harontaimu": [
    124,
    110,
    115,
    123,
    128,
    120,
    0,
    0,
    0,
    0,
    0,
    0,
    0,
    0,
    0,
    0,
    0,
    0
  ],
  "cornerIchitoriOneCorner": "",
  "cornerIchitoriTwoCorner": "",
  "cornerIchitoriThreeCorner": "(*1,2)15(10,8,16)(5,9,12,11)-13(7,14)4(3,6)",
  "cornerIchitoriFourCorner": "(*1,2,15)(8,16)11(10,12)13(5,9,7)-(4,14)(3,6)",
  "paceupIchi": 0,
  "torakkubaiasuOneKaku": "",
  "torakkubaiasuTwoKaku": "",
  "torakkubaiasuKouSei": "",
  "torakkubaiasuThreeKaku": "",
  "torakkubaiasuFourKaku": "",
  "torakkubaiasuChokusen": "",
  "racecomment": ""
}